[0.140s] DEBUG:colcon:Command line arguments: ['/usr/bin/colcon', 'build', '--symlink-install']
[0.140s] DEBUG:colcon:Parsed command line arguments: Namespace(log_base=None, log_level=None, verb_name='build', build_base='build', install_base='install', merge_install=False, symlink_install=True, test_result_base=None, continue_on_error=False, executor='parallel', parallel_workers=4, event_handlers=None, ignore_user_meta=False, metas=['./colcon.meta'], base_paths=['.'], packages_ignore=None, packages_ignore_regex=None, paths=None, packages_up_to=None, packages_up_to_regex=None, packages_above=None, packages_above_and_dependencies=None, packages_above_depth=None, packages_select_by_dep=None, packages_skip_by_dep=None, packages_skip_up_to=None, packages_select_build_failed=False, packages_skip_build_finished=False, packages_select_test_failures=False, packages_skip_test_passed=False, packages_select=None, packages_skip=None, packages_select_regex=None, packages_skip_regex=None, packages_start=None, packages_end=None, allow_overriding=[], cmake_args=None, cmake_target=None, cmake_target_skip_unavailable=False, cmake_clean_cache=False, cmake_clean_first=False, cmake_force_configure=False, ament_cmake_args=None, catkin_cmake_args=None, catkin_skip_building_tests=False, mixin_files=None, mixin=None, verb_parser=<colcon_mixin.mixin.mixin_argument.MixinArgumentDecorator object at 0x7444df18b440>, verb_extension=<colcon_core.verb.build.BuildVerb object at 0x7444df18b020>, main=<bound method BuildVerb.main of <colcon_core.verb.build.BuildVerb object at 0x7444df18b020>>, mixin_verb=('build',))
[0.189s] Level 1:colcon.colcon_core.package_discovery:discover_packages(colcon_meta) check parameters
[0.189s] Level 1:colcon.colcon_core.package_discovery:discover_packages(recursive) check parameters
[0.189s] Level 1:colcon.colcon_core.package_discovery:discover_packages(ignore) check parameters
[0.189s] Level 1:colcon.colcon_core.package_discovery:discover_packages(path) check parameters
[0.189s] Level 1:colcon.colcon_core.package_discovery:discover_packages(colcon_meta) discover
[0.189s] Level 1:colcon.colcon_core.package_discovery:discover_packages(recursive) discover
[0.190s] INFO:colcon.colcon_core.package_discovery:Crawling recursively for packages in '/home/jakhon37/myspace/robotics/autonomous_ROS'
[0.190s] Level 1:colcon.colcon_core.package_identification:_identify(.) by extensions ['ignore', 'ignore_ament_install']
[0.190s] Level 1:colcon.colcon_core.package_identification:_identify(.) by extension 'ignore'
[0.190s] Level 1:colcon.colcon_core.package_identification:_identify(.) by extension 'ignore_ament_install'
[0.190s] Level 1:colcon.colcon_core.package_identification:_identify(.) by extensions ['colcon_pkg']
[0.190s] Level 1:colcon.colcon_core.package_identification:_identify(.) by extension 'colcon_pkg'
[0.190s] Level 1:colcon.colcon_core.package_identification:_identify(.) by extensions ['colcon_meta']
[0.190s] Level 1:colcon.colcon_core.package_identification:_identify(.) by extension 'colcon_meta'
[0.190s] Level 1:colcon.colcon_core.package_identification:_identify(.) by extensions ['ros']
[0.190s] Level 1:colcon.colcon_core.package_identification:_identify(.) by extension 'ros'
[0.224s] Level 1:colcon.colcon_core.package_identification:_identify(.) by extensions ['cmake', 'python']
[0.224s] Level 1:colcon.colcon_core.package_identification:_identify(.) by extension 'cmake'
[0.224s] Level 1:colcon.colcon_core.package_identification:_identify(.) by extension 'python'
[0.224s] Level 1:colcon.colcon_core.package_identification:_identify(.) by extensions ['python_setup_py']
[0.224s] Level 1:colcon.colcon_core.package_identification:_identify(.) by extension 'python_setup_py'
[0.225s] Level 1:colcon.colcon_core.package_identification:_identify(build) by extensions ['ignore', 'ignore_ament_install']
[0.225s] Level 1:colcon.colcon_core.package_identification:_identify(build) by extension 'ignore'
[0.225s] Level 1:colcon.colcon_core.package_identification:_identify(build) ignored
[0.225s] Level 1:colcon.colcon_core.package_identification:_identify(install) by extensions ['ignore', 'ignore_ament_install']
[0.225s] Level 1:colcon.colcon_core.package_identification:_identify(install) by extension 'ignore'
[0.225s] Level 1:colcon.colcon_core.package_identification:_identify(install) ignored
[0.225s] Level 1:colcon.colcon_core.package_identification:_identify(log) by extensions ['ignore', 'ignore_ament_install']
[0.226s] Level 1:colcon.colcon_core.package_identification:_identify(log) by extension 'ignore'
[0.226s] Level 1:colcon.colcon_core.package_identification:_identify(log) ignored
[0.226s] Level 1:colcon.colcon_core.package_identification:_identify(src) by extensions ['ignore', 'ignore_ament_install']
[0.226s] Level 1:colcon.colcon_core.package_identification:_identify(src) by extension 'ignore'
[0.226s] Level 1:colcon.colcon_core.package_identification:_identify(src) by extension 'ignore_ament_install'
[0.226s] Level 1:colcon.colcon_core.package_identification:_identify(src) by extensions ['colcon_pkg']
[0.226s] Level 1:colcon.colcon_core.package_identification:_identify(src) by extension 'colcon_pkg'
[0.226s] Level 1:colcon.colcon_core.package_identification:_identify(src) by extensions ['colcon_meta']
[0.226s] Level 1:colcon.colcon_core.package_identification:_identify(src) by extension 'colcon_meta'
[0.226s] Level 1:colcon.colcon_core.package_identification:_identify(src) by extensions ['ros']
[0.226s] Level 1:colcon.colcon_core.package_identification:_identify(src) by extension 'ros'
[0.227s] Level 1:colcon.colcon_core.package_identification:_identify(src) by extensions ['cmake', 'python']
[0.227s] Level 1:colcon.colcon_core.package_identification:_identify(src) by extension 'cmake'
[0.227s] Level 1:colcon.colcon_core.package_identification:_identify(src) by extension 'python'
[0.227s] Level 1:colcon.colcon_core.package_identification:_identify(src) by extensions ['python_setup_py']
[0.227s] Level 1:colcon.colcon_core.package_identification:_identify(src) by extension 'python_setup_py'
[0.227s] Level 1:colcon.colcon_core.package_identification:_identify(src/mybot37) by extensions ['ignore', 'ignore_ament_install']
[0.227s] Level 1:colcon.colcon_core.package_identification:_identify(src/mybot37) by extension 'ignore'
[0.227s] Level 1:colcon.colcon_core.package_identification:_identify(src/mybot37) by extension 'ignore_ament_install'
[0.227s] Level 1:colcon.colcon_core.package_identification:_identify(src/mybot37) by extensions ['colcon_pkg']
[0.227s] Level 1:colcon.colcon_core.package_identification:_identify(src/mybot37) by extension 'colcon_pkg'
[0.227s] Level 1:colcon.colcon_core.package_identification:_identify(src/mybot37) by extensions ['colcon_meta']
[0.228s] Level 1:colcon.colcon_core.package_identification:_identify(src/mybot37) by extension 'colcon_meta'
[0.228s] Level 1:colcon.colcon_core.package_identification:_identify(src/mybot37) by extensions ['ros']
[0.228s] Level 1:colcon.colcon_core.package_identification:_identify(src/mybot37) by extension 'ros'
[0.230s] DEBUG:colcon.colcon_core.package_identification:Package 'src/mybot37' with type 'ros.ament_cmake' and name 'mybot37'
[0.230s] Level 1:colcon.colcon_core.package_discovery:discover_packages(recursive) using defaults
[0.231s] Level 1:colcon.colcon_core.package_discovery:discover_packages(ignore) discover
[0.231s] Level 1:colcon.colcon_core.package_discovery:discover_packages(ignore) using defaults
[0.231s] Level 1:colcon.colcon_core.package_discovery:discover_packages(path) discover
[0.231s] Level 1:colcon.colcon_core.package_discovery:discover_packages(path) using defaults
[0.253s] Level 1:colcon.colcon_core.package_discovery:discover_packages(prefix_path) check parameters
[0.253s] Level 1:colcon.colcon_core.package_discovery:discover_packages(prefix_path) discover
[0.255s] DEBUG:colcon.colcon_installed_package_information.package_discovery:Found 1 installed packages in /home/jakhon37/myspace/robotics/autonomous_ROS/install
[0.256s] DEBUG:colcon.colcon_installed_package_information.package_discovery:Found 1 installed packages in /home/jakhon37/myspace/robotics/ros2_ws/src/install
[0.256s] DEBUG:colcon.colcon_installed_package_information.package_discovery:Found 1 installed packages in /home/jakhon37/myspace/robotics/robot_dev_ws/src/mytestpkg/install
[0.257s] DEBUG:colcon.colcon_installed_package_information.package_discovery:Found 2 installed packages in /home/jakhon37/myspace/robotics/robot_dev_ws/src/install
[0.259s] DEBUG:colcon.colcon_installed_package_information.package_discovery:Found 288 installed packages in /opt/ros/jazzy
[0.261s] Level 1:colcon.colcon_core.package_discovery:discover_packages(prefix_path) using defaults
[0.317s] Level 5:colcon.colcon_core.verb:set package 'mybot37' build argument 'cmake_args' from command line to 'None'
[0.317s] Level 5:colcon.colcon_core.verb:set package 'mybot37' build argument 'cmake_target' from command line to 'None'
[0.317s] Level 5:colcon.colcon_core.verb:set package 'mybot37' build argument 'cmake_target_skip_unavailable' from command line to 'False'
[0.317s] Level 5:colcon.colcon_core.verb:set package 'mybot37' build argument 'cmake_clean_cache' from command line to 'False'
[0.317s] Level 5:colcon.colcon_core.verb:set package 'mybot37' build argument 'cmake_clean_first' from command line to 'False'
[0.317s] Level 5:colcon.colcon_core.verb:set package 'mybot37' build argument 'cmake_force_configure' from command line to 'False'
[0.317s] Level 5:colcon.colcon_core.verb:set package 'mybot37' build argument 'ament_cmake_args' from command line to 'None'
[0.317s] Level 5:colcon.colcon_core.verb:set package 'mybot37' build argument 'catkin_cmake_args' from command line to 'None'
[0.317s] Level 5:colcon.colcon_core.verb:set package 'mybot37' build argument 'catkin_skip_building_tests' from command line to 'False'
[0.317s] DEBUG:colcon.colcon_core.verb:Building package 'mybot37' with the following arguments: {'ament_cmake_args': None, 'build_base': '/home/jakhon37/myspace/robotics/autonomous_ROS/build/mybot37', 'catkin_cmake_args': None, 'catkin_skip_building_tests': False, 'cmake_args': None, 'cmake_clean_cache': False, 'cmake_clean_first': False, 'cmake_force_configure': False, 'cmake_target': None, 'cmake_target_skip_unavailable': False, 'install_base': '/home/jakhon37/myspace/robotics/autonomous_ROS/install/mybot37', 'merge_install': False, 'path': '/home/jakhon37/myspace/robotics/autonomous_ROS/src/mybot37', 'symlink_install': True, 'test_result_base': None}
[0.318s] INFO:colcon.colcon_core.executor:Executing jobs using 'parallel' executor
[0.319s] DEBUG:colcon.colcon_parallel_executor.executor.parallel:run_until_complete
[0.319s] INFO:colcon.colcon_ros.task.ament_cmake.build:Building ROS package in '/home/jakhon37/myspace/robotics/autonomous_ROS/src/mybot37' with build type 'ament_cmake'
[0.319s] INFO:colcon.colcon_cmake.task.cmake.build:Building CMake package in '/home/jakhon37/myspace/robotics/autonomous_ROS/src/mybot37'
[0.322s] INFO:colcon.colcon_core.plugin_system:Skipping extension 'colcon_core.shell.bat': Not used on non-Windows systems
[0.323s] INFO:colcon.colcon_core.shell:Skip shell extension 'powershell' for command environment: Not usable outside of PowerShell
[0.323s] DEBUG:colcon.colcon_core.shell:Skip shell extension 'dsv' for command environment
[0.338s] DEBUG:colcon.colcon_core.event_handler.log_command:Invoking command in '/home/jakhon37/myspace/robotics/autonomous_ROS/build/mybot37': CMAKE_PREFIX_PATH=${CMAKE_PREFIX_PATH}:/home/jakhon37/myspace/robotics/ros2_ws/src/install/my_robot_controller:/home/jakhon37/myspace/robotics/robot_dev_ws/src/install/my_robot_controller:/opt/ros/jazzy CONDA_PROMPT_MODIFIER=(base) DEBUGINFOD_URLS=https://debuginfod.ubuntu.com /usr/bin/cmake --build /home/jakhon37/myspace/robotics/autonomous_ROS/build/mybot37 -- -j4 -l4
[0.387s] DEBUG:colcon.colcon_core.event_handler.log_command:Invoked command in '/home/jakhon37/myspace/robotics/autonomous_ROS/build/mybot37' returned '0': CMAKE_PREFIX_PATH=${CMAKE_PREFIX_PATH}:/home/jakhon37/myspace/robotics/ros2_ws/src/install/my_robot_controller:/home/jakhon37/myspace/robotics/robot_dev_ws/src/install/my_robot_controller:/opt/ros/jazzy CONDA_PROMPT_MODIFIER=(base) DEBUGINFOD_URLS=https://debuginfod.ubuntu.com /usr/bin/cmake --build /home/jakhon37/myspace/robotics/autonomous_ROS/build/mybot37 -- -j4 -l4
[0.401s] DEBUG:colcon.colcon_core.event_handler.log_command:Invoking command in '/home/jakhon37/myspace/robotics/autonomous_ROS/build/mybot37': CMAKE_PREFIX_PATH=${CMAKE_PREFIX_PATH}:/home/jakhon37/myspace/robotics/ros2_ws/src/install/my_robot_controller:/home/jakhon37/myspace/robotics/robot_dev_ws/src/install/my_robot_controller:/opt/ros/jazzy CONDA_PROMPT_MODIFIER=(base) DEBUGINFOD_URLS=https://debuginfod.ubuntu.com /usr/bin/cmake --install /home/jakhon37/myspace/robotics/autonomous_ROS/build/mybot37
[0.447s] Level 1:colcon.colcon_core.environment:create_environment_scripts_only(mybot37)
[0.448s] DEBUG:colcon.colcon_core.event_handler.log_command:Invoked command in '/home/jakhon37/myspace/robotics/autonomous_ROS/build/mybot37' returned '0': CMAKE_PREFIX_PATH=${CMAKE_PREFIX_PATH}:/home/jakhon37/myspace/robotics/ros2_ws/src/install/my_robot_controller:/home/jakhon37/myspace/robotics/robot_dev_ws/src/install/my_robot_controller:/opt/ros/jazzy CONDA_PROMPT_MODIFIER=(base) DEBUGINFOD_URLS=https://debuginfod.ubuntu.com /usr/bin/cmake --install /home/jakhon37/myspace/robotics/autonomous_ROS/build/mybot37
[0.451s] Level 1:colcon.colcon_core.environment:checking '/home/jakhon37/myspace/robotics/autonomous_ROS/install/mybot37' for CMake module files
[0.452s] Level 1:colcon.colcon_core.environment:checking '/home/jakhon37/myspace/robotics/autonomous_ROS/install/mybot37' for CMake config files
[0.452s] Level 1:colcon.colcon_core.shell:create_environment_hook('mybot37', 'cmake_prefix_path')
[0.452s] INFO:colcon.colcon_core.shell:Creating environment hook '/home/jakhon37/myspace/robotics/autonomous_ROS/install/mybot37/share/mybot37/hook/cmake_prefix_path.ps1'
[0.453s] INFO:colcon.colcon_core.shell:Creating environment descriptor '/home/jakhon37/myspace/robotics/autonomous_ROS/install/mybot37/share/mybot37/hook/cmake_prefix_path.dsv'
[0.454s] INFO:colcon.colcon_core.shell:Creating environment hook '/home/jakhon37/myspace/robotics/autonomous_ROS/install/mybot37/share/mybot37/hook/cmake_prefix_path.sh'
[0.455s] Level 1:colcon.colcon_core.environment:checking '/home/jakhon37/myspace/robotics/autonomous_ROS/install/mybot37/bin'
[0.455s] Level 1:colcon.colcon_core.environment:checking '/home/jakhon37/myspace/robotics/autonomous_ROS/install/mybot37/lib/pkgconfig/mybot37.pc'
[0.455s] Level 1:colcon.colcon_core.environment:checking '/home/jakhon37/myspace/robotics/autonomous_ROS/install/mybot37/lib/python3.12/site-packages'
[0.455s] Level 1:colcon.colcon_core.environment:checking '/home/jakhon37/myspace/robotics/autonomous_ROS/install/mybot37/bin'
[0.456s] INFO:colcon.colcon_core.shell:Creating package script '/home/jakhon37/myspace/robotics/autonomous_ROS/install/mybot37/share/mybot37/package.ps1'
[0.457s] INFO:colcon.colcon_core.shell:Creating package descriptor '/home/jakhon37/myspace/robotics/autonomous_ROS/install/mybot37/share/mybot37/package.dsv'
[0.457s] INFO:colcon.colcon_core.shell:Creating package script '/home/jakhon37/myspace/robotics/autonomous_ROS/install/mybot37/share/mybot37/package.sh'
[0.458s] INFO:colcon.colcon_core.shell:Creating package script '/home/jakhon37/myspace/robotics/autonomous_ROS/install/mybot37/share/mybot37/package.bash'
[0.459s] INFO:colcon.colcon_core.shell:Creating package script '/home/jakhon37/myspace/robotics/autonomous_ROS/install/mybot37/share/mybot37/package.zsh'
[0.459s] Level 1:colcon.colcon_core.environment:create_file_with_runtime_dependencies(/home/jakhon37/myspace/robotics/autonomous_ROS/install/mybot37/share/colcon-core/packages/mybot37)
[0.460s] Level 1:colcon.colcon_core.environment:create_environment_scripts_only(mybot37)
[0.460s] Level 1:colcon.colcon_core.environment:checking '/home/jakhon37/myspace/robotics/autonomous_ROS/install/mybot37' for CMake module files
[0.461s] Level 1:colcon.colcon_core.environment:checking '/home/jakhon37/myspace/robotics/autonomous_ROS/install/mybot37' for CMake config files
[0.462s] Level 1:colcon.colcon_core.shell:create_environment_hook('mybot37', 'cmake_prefix_path')
[0.462s] INFO:colcon.colcon_core.shell:Creating environment hook '/home/jakhon37/myspace/robotics/autonomous_ROS/install/mybot37/share/mybot37/hook/cmake_prefix_path.ps1'
[0.462s] INFO:colcon.colcon_core.shell:Creating environment descriptor '/home/jakhon37/myspace/robotics/autonomous_ROS/install/mybot37/share/mybot37/hook/cmake_prefix_path.dsv'
[0.463s] INFO:colcon.colcon_core.shell:Creating environment hook '/home/jakhon37/myspace/robotics/autonomous_ROS/install/mybot37/share/mybot37/hook/cmake_prefix_path.sh'
[0.463s] Level 1:colcon.colcon_core.environment:checking '/home/jakhon37/myspace/robotics/autonomous_ROS/install/mybot37/bin'
[0.463s] Level 1:colcon.colcon_core.environment:checking '/home/jakhon37/myspace/robotics/autonomous_ROS/install/mybot37/lib/pkgconfig/mybot37.pc'
[0.464s] Level 1:colcon.colcon_core.environment:checking '/home/jakhon37/myspace/robotics/autonomous_ROS/install/mybot37/lib/python3.12/site-packages'
[0.464s] Level 1:colcon.colcon_core.environment:checking '/home/jakhon37/myspace/robotics/autonomous_ROS/install/mybot37/bin'
[0.464s] INFO:colcon.colcon_core.shell:Creating package script '/home/jakhon37/myspace/robotics/autonomous_ROS/install/mybot37/share/mybot37/package.ps1'
[0.465s] INFO:colcon.colcon_core.shell:Creating package descriptor '/home/jakhon37/myspace/robotics/autonomous_ROS/install/mybot37/share/mybot37/package.dsv'
[0.465s] INFO:colcon.colcon_core.shell:Creating package script '/home/jakhon37/myspace/robotics/autonomous_ROS/install/mybot37/share/mybot37/package.sh'
[0.466s] INFO:colcon.colcon_core.shell:Creating package script '/home/jakhon37/myspace/robotics/autonomous_ROS/install/mybot37/share/mybot37/package.bash'
[0.466s] INFO:colcon.colcon_core.shell:Creating package script '/home/jakhon37/myspace/robotics/autonomous_ROS/install/mybot37/share/mybot37/package.zsh'
[0.467s] Level 1:colcon.colcon_core.environment:create_file_with_runtime_dependencies(/home/jakhon37/myspace/robotics/autonomous_ROS/install/mybot37/share/colcon-core/packages/mybot37)
[0.467s] DEBUG:colcon.colcon_parallel_executor.executor.parallel:closing loop
[0.467s] DEBUG:colcon.colcon_parallel_executor.executor.parallel:loop closed
[0.467s] DEBUG:colcon.colcon_parallel_executor.executor.parallel:run_until_complete finished with '0'
[0.467s] DEBUG:colcon.colcon_core.event_reactor:joining thread
[0.477s] INFO:colcon.colcon_core.plugin_system:Skipping extension 'colcon_notification.desktop_notification.terminal_notifier': Not used on non-Darwin systems
[0.477s] INFO:colcon.colcon_core.plugin_system:Skipping extension 'colcon_notification.desktop_notification.win32': Not used on non-Windows systems
[0.477s] INFO:colcon.colcon_notification.desktop_notification:Sending desktop notification using 'notify2'
[0.490s] DEBUG:colcon.colcon_core.event_reactor:joined thread
[0.491s] INFO:colcon.colcon_core.shell:Creating prefix script '/home/jakhon37/myspace/robotics/autonomous_ROS/install/local_setup.ps1'
[0.492s] INFO:colcon.colcon_core.shell:Creating prefix util module '/home/jakhon37/myspace/robotics/autonomous_ROS/install/_local_setup_util_ps1.py'
[0.493s] INFO:colcon.colcon_core.shell:Creating prefix chain script '/home/jakhon37/myspace/robotics/autonomous_ROS/install/setup.ps1'
[0.494s] INFO:colcon.colcon_core.shell:Creating prefix script '/home/jakhon37/myspace/robotics/autonomous_ROS/install/local_setup.sh'
[0.495s] INFO:colcon.colcon_core.shell:Creating prefix util module '/home/jakhon37/myspace/robotics/autonomous_ROS/install/_local_setup_util_sh.py'
[0.496s] INFO:colcon.colcon_core.shell:Creating prefix chain script '/home/jakhon37/myspace/robotics/autonomous_ROS/install/setup.sh'
[0.497s] INFO:colcon.colcon_core.shell:Creating prefix script '/home/jakhon37/myspace/robotics/autonomous_ROS/install/local_setup.bash'
[0.498s] INFO:colcon.colcon_core.shell:Creating prefix chain script '/home/jakhon37/myspace/robotics/autonomous_ROS/install/setup.bash'
[0.499s] INFO:colcon.colcon_core.shell:Creating prefix script '/home/jakhon37/myspace/robotics/autonomous_ROS/install/local_setup.zsh'
[0.500s] INFO:colcon.colcon_core.shell:Creating prefix chain script '/home/jakhon37/myspace/robotics/autonomous_ROS/install/setup.zsh'
