-- The C compiler identification is GNU 13.3.0
-- The CXX compiler identification is GNU 13.3.0
-- Detecting C compiler ABI info
-- Detecting C compiler ABI info - done
-- Check for working C compiler: /usr/bin/cc - skipped
-- Detecting C compile features
-- Detecting C compile features - done
-- Detecting CXX compiler ABI info
-- Detecting CXX compiler ABI info - done
-- Check for working CXX compiler: /usr/bin/c++ - skipped
-- Detecting CXX compile features
-- Detecting CXX compile features - done
-- Found ament_cmake: 2.5.3 (/opt/ros/jazzy/share/ament_cmake/cmake)
-- Found Python3: /home/jakhon37/miniconda3/bin/python3 (found version "3.12.8") found components: Interpreter 
-- Override CMake install command with custom implementation using symlinks instead of copying resources
-- Found ament_lint_auto: 0.17.1 (/opt/ros/jazzy/share/ament_lint_auto/cmake)
-- Added test 'flake8' to check Python code syntax and style conventions
-- Configured 'flake8' exclude dirs and/or files: 
-- Added test 'lint_cmake' to check CMake code style
-- Added test 'pep257' to check Python code against some of the docstring style conventions in PEP 257
-- Added test 'xmllint' to check XML markup files
-- Configuring done (1.5s)
-- Generating done (0.0s)
-- Build files have been written to: /home/jakhon37/myspace/robotics/autonomous_ROS/build/mybot37
-- Install configuration: ""
-- Execute custom install script
-- Symlinking: /home/jakhon37/myspace/robotics/autonomous_ROS/install/mybot37/share/mybot37/config/config.yaml
-- Symlinking: /home/jakhon37/myspace/robotics/autonomous_ROS/install/mybot37/share/mybot37/description/robot.urdf.xacro
-- Symlinking: /home/jakhon37/myspace/robotics/autonomous_ROS/install/mybot37/share/mybot37/launch/rsp.launch.py
-- Symlinking: /home/jakhon37/myspace/robotics/autonomous_ROS/install/mybot37/share/mybot37/worlds/botworld.world
-- Symlinking: /home/jakhon37/myspace/robotics/autonomous_ROS/install/mybot37/share/ament_index/resource_index/package_run_dependencies/mybot37
-- Symlinking: /home/jakhon37/myspace/robotics/autonomous_ROS/install/mybot37/share/ament_index/resource_index/parent_prefix_path/mybot37
-- Symlinking: /home/jakhon37/myspace/robotics/autonomous_ROS/install/mybot37/share/mybot37/environment/ament_prefix_path.sh
-- Symlinking: /home/jakhon37/myspace/robotics/autonomous_ROS/install/mybot37/share/mybot37/environment/ament_prefix_path.dsv
-- Symlinking: /home/jakhon37/myspace/robotics/autonomous_ROS/install/mybot37/share/mybot37/environment/path.sh
-- Symlinking: /home/jakhon37/myspace/robotics/autonomous_ROS/install/mybot37/share/mybot37/environment/path.dsv
-- Symlinking: /home/jakhon37/myspace/robotics/autonomous_ROS/install/mybot37/share/mybot37/local_setup.bash
-- Symlinking: /home/jakhon37/myspace/robotics/autonomous_ROS/install/mybot37/share/mybot37/local_setup.sh
-- Symlinking: /home/jakhon37/myspace/robotics/autonomous_ROS/install/mybot37/share/mybot37/local_setup.zsh
-- Symlinking: /home/jakhon37/myspace/robotics/autonomous_ROS/install/mybot37/share/mybot37/local_setup.dsv
-- Symlinking: /home/jakhon37/myspace/robotics/autonomous_ROS/install/mybot37/share/mybot37/package.dsv
-- Symlinking: /home/jakhon37/myspace/robotics/autonomous_ROS/install/mybot37/share/ament_index/resource_index/packages/mybot37
-- Symlinking: /home/jakhon37/myspace/robotics/autonomous_ROS/install/mybot37/share/mybot37/cmake/mybot37Config.cmake
-- Symlinking: /home/jakhon37/myspace/robotics/autonomous_ROS/install/mybot37/share/mybot37/cmake/mybot37Config-version.cmake
-- Symlinking: /home/jakhon37/myspace/robotics/autonomous_ROS/install/mybot37/share/mybot37/package.xml
