[0.015s] Invoking command in '/home/jakhon37/myspace/robotics/autonomous_ROS/build/mybot37': CMAKE_PREFIX_PATH=${CMAKE_PREFIX_PATH}:/home/jakhon37/myspace/robotics/ros2_ws/src/install/my_robot_controller:/opt/ros/jazzy CONDA_PROMPT_MODIFIER=(base) DEBUGINFOD_URLS=https://debuginfod.ubuntu.com /usr/bin/cmake /home/jakhon37/myspace/robotics/autonomous_ROS/src/mybot37 -DAMENT_CMAKE_SYMLINK_INSTALL=1 -DCMAKE_INSTALL_PREFIX=/home/jakhon37/myspace/robotics/autonomous_ROS/install/mybot37
[0.192s] -- The C compiler identification is GNU 13.3.0
[0.360s] -- The CXX compiler identification is GNU 13.3.0
[0.399s] -- Detecting C compiler ABI info
[0.542s] -- Detecting C compiler ABI info - done
[0.569s] -- Check for working C compiler: /usr/bin/cc - skipped
[0.571s] -- Detecting C compile features
[0.573s] -- Detecting C compile features - done
[0.591s] -- Detecting CXX compiler ABI info
[0.741s] -- Detecting CXX compiler ABI info - done
[0.759s] -- Check for working CXX compiler: /usr/bin/c++ - skipped
[0.759s] -- Detecting CXX compile features
[0.760s] -- Detecting CXX compile features - done
[0.770s] -- Found ament_cmake: 2.5.3 (/opt/ros/jazzy/share/ament_cmake/cmake)
[0.980s] -- Found Python3: /home/jakhon37/miniconda3/bin/python3 (found version "3.12.8") found components: Interpreter 
[1.220s] -- Override CMake install command with custom implementation using symlinks instead of copying resources
[1.310s] -- Found ament_lint_auto: 0.17.1 (/opt/ros/jazzy/share/ament_lint_auto/cmake)
[1.503s] -- Added test 'flake8' to check Python code syntax and style conventions
[1.503s] -- Configured 'flake8' exclude dirs and/or files: 
[1.504s] -- Added test 'lint_cmake' to check CMake code style
[1.509s] -- Added test 'pep257' to check Python code against some of the docstring style conventions in PEP 257
[1.514s] -- Added test 'xmllint' to check XML markup files
[1.518s] -- Configuring done (1.5s)
[1.525s] -- Generating done (0.0s)
[1.529s] -- Build files have been written to: /home/jakhon37/myspace/robotics/autonomous_ROS/build/mybot37
[1.538s] Invoked command in '/home/jakhon37/myspace/robotics/autonomous_ROS/build/mybot37' returned '0': CMAKE_PREFIX_PATH=${CMAKE_PREFIX_PATH}:/home/jakhon37/myspace/robotics/ros2_ws/src/install/my_robot_controller:/opt/ros/jazzy CONDA_PROMPT_MODIFIER=(base) DEBUGINFOD_URLS=https://debuginfod.ubuntu.com /usr/bin/cmake /home/jakhon37/myspace/robotics/autonomous_ROS/src/mybot37 -DAMENT_CMAKE_SYMLINK_INSTALL=1 -DCMAKE_INSTALL_PREFIX=/home/jakhon37/myspace/robotics/autonomous_ROS/install/mybot37
[1.541s] Invoking command in '/home/jakhon37/myspace/robotics/autonomous_ROS/build/mybot37': CMAKE_PREFIX_PATH=${CMAKE_PREFIX_PATH}:/home/jakhon37/myspace/robotics/ros2_ws/src/install/my_robot_controller:/opt/ros/jazzy CONDA_PROMPT_MODIFIER=(base) DEBUGINFOD_URLS=https://debuginfod.ubuntu.com /usr/bin/cmake --build /home/jakhon37/myspace/robotics/autonomous_ROS/build/mybot37 -- -j4 -l4
[1.592s] Invoked command in '/home/jakhon37/myspace/robotics/autonomous_ROS/build/mybot37' returned '0': CMAKE_PREFIX_PATH=${CMAKE_PREFIX_PATH}:/home/jakhon37/myspace/robotics/ros2_ws/src/install/my_robot_controller:/opt/ros/jazzy CONDA_PROMPT_MODIFIER=(base) DEBUGINFOD_URLS=https://debuginfod.ubuntu.com /usr/bin/cmake --build /home/jakhon37/myspace/robotics/autonomous_ROS/build/mybot37 -- -j4 -l4
[1.604s] Invoking command in '/home/jakhon37/myspace/robotics/autonomous_ROS/build/mybot37': CMAKE_PREFIX_PATH=${CMAKE_PREFIX_PATH}:/home/jakhon37/myspace/robotics/ros2_ws/src/install/my_robot_controller:/opt/ros/jazzy CONDA_PROMPT_MODIFIER=(base) DEBUGINFOD_URLS=https://debuginfod.ubuntu.com /usr/bin/cmake --install /home/jakhon37/myspace/robotics/autonomous_ROS/build/mybot37
[1.617s] -- Install configuration: ""
[1.618s] -- Execute custom install script
[1.619s] -- Symlinking: /home/jakhon37/myspace/robotics/autonomous_ROS/install/mybot37/share/mybot37/config/config.yaml
[1.635s] -- Symlinking: /home/jakhon37/myspace/robotics/autonomous_ROS/install/mybot37/share/mybot37/description/robot.urdf.xacro
[1.648s] -- Symlinking: /home/jakhon37/myspace/robotics/autonomous_ROS/install/mybot37/share/mybot37/launch/rsp.launch.py
[1.661s] -- Symlinking: /home/jakhon37/myspace/robotics/autonomous_ROS/install/mybot37/share/mybot37/worlds/botworld.world
[1.679s] -- Symlinking: /home/jakhon37/myspace/robotics/autonomous_ROS/install/mybot37/share/ament_index/resource_index/package_run_dependencies/mybot37
[1.696s] -- Symlinking: /home/jakhon37/myspace/robotics/autonomous_ROS/install/mybot37/share/ament_index/resource_index/parent_prefix_path/mybot37
[1.713s] -- Symlinking: /home/jakhon37/myspace/robotics/autonomous_ROS/install/mybot37/share/mybot37/environment/ament_prefix_path.sh
[1.730s] -- Symlinking: /home/jakhon37/myspace/robotics/autonomous_ROS/install/mybot37/share/mybot37/environment/ament_prefix_path.dsv
[1.742s] -- Symlinking: /home/jakhon37/myspace/robotics/autonomous_ROS/install/mybot37/share/mybot37/environment/path.sh
[1.757s] -- Symlinking: /home/jakhon37/myspace/robotics/autonomous_ROS/install/mybot37/share/mybot37/environment/path.dsv
[1.769s] -- Symlinking: /home/jakhon37/myspace/robotics/autonomous_ROS/install/mybot37/share/mybot37/local_setup.bash
[1.780s] -- Symlinking: /home/jakhon37/myspace/robotics/autonomous_ROS/install/mybot37/share/mybot37/local_setup.sh
[1.792s] -- Symlinking: /home/jakhon37/myspace/robotics/autonomous_ROS/install/mybot37/share/mybot37/local_setup.zsh
[1.804s] -- Symlinking: /home/jakhon37/myspace/robotics/autonomous_ROS/install/mybot37/share/mybot37/local_setup.dsv
[1.816s] -- Symlinking: /home/jakhon37/myspace/robotics/autonomous_ROS/install/mybot37/share/mybot37/package.dsv
[1.831s] -- Symlinking: /home/jakhon37/myspace/robotics/autonomous_ROS/install/mybot37/share/ament_index/resource_index/packages/mybot37
[1.845s] -- Symlinking: /home/jakhon37/myspace/robotics/autonomous_ROS/install/mybot37/share/mybot37/cmake/mybot37Config.cmake
[1.860s] -- Symlinking: /home/jakhon37/myspace/robotics/autonomous_ROS/install/mybot37/share/mybot37/cmake/mybot37Config-version.cmake
[1.872s] -- Symlinking: /home/jakhon37/myspace/robotics/autonomous_ROS/install/mybot37/share/mybot37/package.xml
[1.886s] Invoked command in '/home/jakhon37/myspace/robotics/autonomous_ROS/build/mybot37' returned '0': CMAKE_PREFIX_PATH=${CMAKE_PREFIX_PATH}:/home/jakhon37/myspace/robotics/ros2_ws/src/install/my_robot_controller:/opt/ros/jazzy CONDA_PROMPT_MODIFIER=(base) DEBUGINFOD_URLS=https://debuginfod.ubuntu.com /usr/bin/cmake --install /home/jakhon37/myspace/robotics/autonomous_ROS/build/mybot37
