-- Install configuration: ""
-- Execute custom install script
-- Up-to-date symlink: /home/jakhon37/myspace/robotics/autonomous_ROS/install/mybot37/share/mybot37/config/config.yaml
-- Up-to-date symlink: /home/jakhon37/myspace/robotics/autonomous_ROS/install/mybot37/share/mybot37/description/robot.urdf.xacro
-- Up-to-date symlink: /home/jakhon37/myspace/robotics/autonomous_ROS/install/mybot37/share/mybot37/launch/rsp.launch.py
-- Up-to-date symlink: /home/jakhon37/myspace/robotics/autonomous_ROS/install/mybot37/share/mybot37/worlds/botworld.world
-- Up-to-date symlink: /home/jakhon37/myspace/robotics/autonomous_ROS/install/mybot37/share/ament_index/resource_index/package_run_dependencies/mybot37
-- Up-to-date symlink: /home/jakhon37/myspace/robotics/autonomous_ROS/install/mybot37/share/ament_index/resource_index/parent_prefix_path/mybot37
-- Up-to-date symlink: /home/jakhon37/myspace/robotics/autonomous_ROS/install/mybot37/share/mybot37/environment/ament_prefix_path.sh
-- Up-to-date symlink: /home/jakhon37/myspace/robotics/autonomous_ROS/install/mybot37/share/mybot37/environment/ament_prefix_path.dsv
-- Up-to-date symlink: /home/jakhon37/myspace/robotics/autonomous_ROS/install/mybot37/share/mybot37/environment/path.sh
-- Up-to-date symlink: /home/jakhon37/myspace/robotics/autonomous_ROS/install/mybot37/share/mybot37/environment/path.dsv
-- Up-to-date symlink: /home/jakhon37/myspace/robotics/autonomous_ROS/install/mybot37/share/mybot37/local_setup.bash
-- Up-to-date symlink: /home/jakhon37/myspace/robotics/autonomous_ROS/install/mybot37/share/mybot37/local_setup.sh
-- Up-to-date symlink: /home/jakhon37/myspace/robotics/autonomous_ROS/install/mybot37/share/mybot37/local_setup.zsh
-- Up-to-date symlink: /home/jakhon37/myspace/robotics/autonomous_ROS/install/mybot37/share/mybot37/local_setup.dsv
-- Symlinking: /home/jakhon37/myspace/robotics/autonomous_ROS/install/mybot37/share/mybot37/package.dsv
-- Up-to-date symlink: /home/jakhon37/myspace/robotics/autonomous_ROS/install/mybot37/share/ament_index/resource_index/packages/mybot37
-- Up-to-date symlink: /home/jakhon37/myspace/robotics/autonomous_ROS/install/mybot37/share/mybot37/cmake/mybot37Config.cmake
-- Up-to-date symlink: /home/jakhon37/myspace/robotics/autonomous_ROS/install/mybot37/share/mybot37/cmake/mybot37Config-version.cmake
-- Up-to-date symlink: /home/jakhon37/myspace/robotics/autonomous_ROS/install/mybot37/share/mybot37/package.xml
