[0.022s] Invoking command in '/home/jakhon37/myspace/robotics/autonomous_ROS/build/mybot37': CMAKE_PREFIX_PATH=${CMAKE_PREFIX_PATH}:/home/jakhon37/myspace/robotics/ros2_ws/src/install/my_robot_controller:/home/jakhon37/myspace/robotics/robot_dev_ws/src/install/my_robot_controller:/opt/ros/jazzy CONDA_PROMPT_MODIFIER=(base) DEBUGINFOD_URLS=https://debuginfod.ubuntu.com /usr/bin/cmake --build /home/jakhon37/myspace/robotics/autonomous_ROS/build/mybot37 -- -j4 -l4
[0.111s] Invoked command in '/home/jakhon37/myspace/robotics/autonomous_ROS/build/mybot37' returned '0': CMAKE_PREFIX_PATH=${CMAKE_PREFIX_PATH}:/home/jakhon37/myspace/robotics/ros2_ws/src/install/my_robot_controller:/home/jakhon37/myspace/robotics/robot_dev_ws/src/install/my_robot_controller:/opt/ros/jazzy CONDA_PROMPT_MODIFIER=(base) DEBUGINFOD_URLS=https://debuginfod.ubuntu.com /usr/bin/cmake --build /home/jakhon37/myspace/robotics/autonomous_ROS/build/mybot37 -- -j4 -l4
[0.126s] Invoking command in '/home/jakhon37/myspace/robotics/autonomous_ROS/build/mybot37': CMAKE_PREFIX_PATH=${CMAKE_PREFIX_PATH}:/home/jakhon37/myspace/robotics/ros2_ws/src/install/my_robot_controller:/home/jakhon37/myspace/robotics/robot_dev_ws/src/install/my_robot_controller:/opt/ros/jazzy CONDA_PROMPT_MODIFIER=(base) DEBUGINFOD_URLS=https://debuginfod.ubuntu.com /usr/bin/cmake --install /home/jakhon37/myspace/robotics/autonomous_ROS/build/mybot37
[0.136s] -- Install configuration: ""
[0.137s] -- Execute custom install script
[0.139s] -- Up-to-date symlink: /home/jakhon37/myspace/robotics/autonomous_ROS/install/mybot37/share/mybot37/config/config.yaml
[0.140s] -- Up-to-date symlink: /home/jakhon37/myspace/robotics/autonomous_ROS/install/mybot37/share/mybot37/description/robot.urdf.xacro
[0.141s] -- Up-to-date symlink: /home/jakhon37/myspace/robotics/autonomous_ROS/install/mybot37/share/mybot37/launch/rsp.launch.py
[0.141s] -- Up-to-date symlink: /home/jakhon37/myspace/robotics/autonomous_ROS/install/mybot37/share/mybot37/worlds/botworld.world
[0.142s] -- Up-to-date symlink: /home/jakhon37/myspace/robotics/autonomous_ROS/install/mybot37/share/ament_index/resource_index/package_run_dependencies/mybot37
[0.142s] -- Up-to-date symlink: /home/jakhon37/myspace/robotics/autonomous_ROS/install/mybot37/share/ament_index/resource_index/parent_prefix_path/mybot37
[0.143s] -- Up-to-date symlink: /home/jakhon37/myspace/robotics/autonomous_ROS/install/mybot37/share/mybot37/environment/ament_prefix_path.sh
[0.143s] -- Up-to-date symlink: /home/jakhon37/myspace/robotics/autonomous_ROS/install/mybot37/share/mybot37/environment/ament_prefix_path.dsv
[0.144s] -- Up-to-date symlink: /home/jakhon37/myspace/robotics/autonomous_ROS/install/mybot37/share/mybot37/environment/path.sh
[0.144s] -- Up-to-date symlink: /home/jakhon37/myspace/robotics/autonomous_ROS/install/mybot37/share/mybot37/environment/path.dsv
[0.145s] -- Up-to-date symlink: /home/jakhon37/myspace/robotics/autonomous_ROS/install/mybot37/share/mybot37/local_setup.bash
[0.145s] -- Up-to-date symlink: /home/jakhon37/myspace/robotics/autonomous_ROS/install/mybot37/share/mybot37/local_setup.sh
[0.146s] -- Up-to-date symlink: /home/jakhon37/myspace/robotics/autonomous_ROS/install/mybot37/share/mybot37/local_setup.zsh
[0.146s] -- Up-to-date symlink: /home/jakhon37/myspace/robotics/autonomous_ROS/install/mybot37/share/mybot37/local_setup.dsv
[0.146s] -- Symlinking: /home/jakhon37/myspace/robotics/autonomous_ROS/install/mybot37/share/mybot37/package.dsv
[0.162s] -- Up-to-date symlink: /home/jakhon37/myspace/robotics/autonomous_ROS/install/mybot37/share/ament_index/resource_index/packages/mybot37
[0.163s] -- Up-to-date symlink: /home/jakhon37/myspace/robotics/autonomous_ROS/install/mybot37/share/mybot37/cmake/mybot37Config.cmake
[0.163s] -- Up-to-date symlink: /home/jakhon37/myspace/robotics/autonomous_ROS/install/mybot37/share/mybot37/cmake/mybot37Config-version.cmake
[0.164s] -- Up-to-date symlink: /home/jakhon37/myspace/robotics/autonomous_ROS/install/mybot37/share/mybot37/package.xml
[0.167s] Invoked command in '/home/jakhon37/myspace/robotics/autonomous_ROS/build/mybot37' returned '0': CMAKE_PREFIX_PATH=${CMAKE_PREFIX_PATH}:/home/jakhon37/myspace/robotics/ros2_ws/src/install/my_robot_controller:/home/jakhon37/myspace/robotics/robot_dev_ws/src/install/my_robot_controller:/opt/ros/jazzy CONDA_PROMPT_MODIFIER=(base) DEBUGINFOD_URLS=https://debuginfod.ubuntu.com /usr/bin/cmake --install /home/jakhon37/myspace/robotics/autonomous_ROS/build/mybot37
