[2.953s] Invoking command in '/home/ubuntu/autonomous_ROS/src/motor_control': PYTHONPATH=/home/ubuntu/autonomous_ROS/build/motor_control/prefix_override:/usr/lib/python3/dist-packages/colcon_core/task/python/colcon_distutils_commands:/home/ubuntu/autonomous_ROS/install/motor_control/lib/python3.10/site-packages:${PYTHONPATH} /usr/bin/python3 -W ignore:setup.py install is deprecated -W ignore:easy_install command is deprecated setup.py egg_info --egg-base ../../build/motor_control build --build-base /home/ubuntu/autonomous_ROS/build/motor_control/build install --record /home/ubuntu/autonomous_ROS/build/motor_control/install.log --single-version-externally-managed install_data
[4.057s] running egg_info
[4.060s] creating ../../build/motor_control/motor_control.egg-info
[4.060s] writing ../../build/motor_control/motor_control.egg-info/PKG-INFO
[4.062s] writing dependency_links to ../../build/motor_control/motor_control.egg-info/dependency_links.txt
[4.062s] writing entry points to ../../build/motor_control/motor_control.egg-info/entry_points.txt
[4.063s] writing requirements to ../../build/motor_control/motor_control.egg-info/requires.txt
[4.064s] writing top-level names to ../../build/motor_control/motor_control.egg-info/top_level.txt
[4.065s] writing manifest file '../../build/motor_control/motor_control.egg-info/SOURCES.txt'
[4.072s] reading manifest file '../../build/motor_control/motor_control.egg-info/SOURCES.txt'
[4.076s] writing manifest file '../../build/motor_control/motor_control.egg-info/SOURCES.txt'
[4.077s] running build
[4.077s] running build_py
[4.078s] creating /home/ubuntu/autonomous_ROS/build/motor_control/build
[4.079s] creating /home/ubuntu/autonomous_ROS/build/motor_control/build/lib
[4.079s] creating /home/ubuntu/autonomous_ROS/build/motor_control/build/lib/motor_control
[4.080s] copying motor_control/__init__.py -> /home/ubuntu/autonomous_ROS/build/motor_control/build/lib/motor_control
[4.080s] copying motor_control/motor_controller.py -> /home/ubuntu/autonomous_ROS/build/motor_control/build/lib/motor_control
[4.081s] running install
[4.082s] running install_lib
[4.085s] creating /home/ubuntu/autonomous_ROS/install/motor_control/lib/python3.10/site-packages/motor_control
[4.086s] copying /home/ubuntu/autonomous_ROS/build/motor_control/build/lib/motor_control/__init__.py -> /home/ubuntu/autonomous_ROS/install/motor_control/lib/python3.10/site-packages/motor_control
[4.086s] copying /home/ubuntu/autonomous_ROS/build/motor_control/build/lib/motor_control/motor_controller.py -> /home/ubuntu/autonomous_ROS/install/motor_control/lib/python3.10/site-packages/motor_control
[4.089s] byte-compiling /home/ubuntu/autonomous_ROS/install/motor_control/lib/python3.10/site-packages/motor_control/__init__.py to __init__.cpython-310.pyc
[4.091s] byte-compiling /home/ubuntu/autonomous_ROS/install/motor_control/lib/python3.10/site-packages/motor_control/motor_controller.py to motor_controller.cpython-310.pyc
[4.096s] running install_data
[4.097s] creating /home/ubuntu/autonomous_ROS/install/motor_control/share/ament_index
[4.097s] creating /home/ubuntu/autonomous_ROS/install/motor_control/share/ament_index/resource_index
[4.098s] creating /home/ubuntu/autonomous_ROS/install/motor_control/share/ament_index/resource_index/packages
[4.098s] copying resource/motor_control -> /home/ubuntu/autonomous_ROS/install/motor_control/share/ament_index/resource_index/packages
[4.099s] copying package.xml -> /home/ubuntu/autonomous_ROS/install/motor_control/share/motor_control
[4.099s] running install_egg_info
[4.106s] Copying ../../build/motor_control/motor_control.egg-info to /home/ubuntu/autonomous_ROS/install/motor_control/lib/python3.10/site-packages/motor_control-0.0.0-py3.10.egg-info
[4.112s] running install_scripts
[4.198s] Installing motor_controller script to /home/ubuntu/autonomous_ROS/install/motor_control/lib/motor_control
[4.200s] writing list of installed files to '/home/ubuntu/autonomous_ROS/build/motor_control/install.log'
[4.321s] Invoked command in '/home/ubuntu/autonomous_ROS/src/motor_control' returned '0': PYTHONPATH=/home/ubuntu/autonomous_ROS/build/motor_control/prefix_override:/usr/lib/python3/dist-packages/colcon_core/task/python/colcon_distutils_commands:/home/ubuntu/autonomous_ROS/install/motor_control/lib/python3.10/site-packages:${PYTHONPATH} /usr/bin/python3 -W ignore:setup.py install is deprecated -W ignore:easy_install command is deprecated setup.py egg_info --egg-base ../../build/motor_control build --build-base /home/ubuntu/autonomous_ROS/build/motor_control/build install --record /home/ubuntu/autonomous_ROS/build/motor_control/install.log --single-version-externally-managed install_data
