[0.435s] DEBUG:colcon:Command line arguments: ['/usr/bin/colcon', 'build', '--symlink-install']
[0.436s] DEBUG:colcon:Parsed command line arguments: Namespace(log_base=None, log_level=None, verb_name='build', build_base='build', install_base='install', merge_install=False, symlink_install=True, test_result_base=None, continue_on_error=False, executor='parallel', parallel_workers=4, event_handlers=None, ignore_user_meta=False, metas=['./colcon.meta'], base_paths=['.'], packages_ignore=None, packages_ignore_regex=None, paths=None, packages_up_to=None, packages_up_to_regex=None, packages_above=None, packages_above_and_dependencies=None, packages_above_depth=None, packages_select_by_dep=None, packages_skip_by_dep=None, packages_skip_up_to=None, packages_select_build_failed=False, packages_skip_build_finished=False, packages_select_test_failures=False, packages_skip_test_passed=False, packages_select=None, packages_skip=None, packages_select_regex=None, packages_skip_regex=None, packages_start=None, packages_end=None, allow_overriding=[], cmake_args=None, cmake_target=None, cmake_target_skip_unavailable=False, cmake_clean_cache=False, cmake_clean_first=False, cmake_force_configure=False, ament_cmake_args=None, catkin_cmake_args=None, catkin_skip_building_tests=False, mixin_files=None, mixin=None, verb_parser=<colcon_mixin.mixin.mixin_argument.MixinArgumentDecorator object at 0x770bfb787560>, verb_extension=<colcon_core.verb.build.BuildVerb object at 0x770bfb787200>, main=<bound method BuildVerb.main of <colcon_core.verb.build.BuildVerb object at 0x770bfb787200>>, mixin_verb=('build',))
[0.535s] Level 1:colcon.colcon_core.package_discovery:discover_packages(colcon_meta) check parameters
[0.536s] Level 1:colcon.colcon_core.package_discovery:discover_packages(recursive) check parameters
[0.536s] Level 1:colcon.colcon_core.package_discovery:discover_packages(ignore) check parameters
[0.536s] Level 1:colcon.colcon_core.package_discovery:discover_packages(path) check parameters
[0.536s] Level 1:colcon.colcon_core.package_discovery:discover_packages(colcon_meta) discover
[0.536s] Level 1:colcon.colcon_core.package_discovery:discover_packages(recursive) discover
[0.536s] INFO:colcon.colcon_core.package_discovery:Crawling recursively for packages in '/home/jakhon37/myspace/robotics/autonomous_ROS'
[0.536s] Level 1:colcon.colcon_core.package_identification:_identify(.) by extensions ['ignore', 'ignore_ament_install']
[0.536s] Level 1:colcon.colcon_core.package_identification:_identify(.) by extension 'ignore'
[0.537s] Level 1:colcon.colcon_core.package_identification:_identify(.) by extension 'ignore_ament_install'
[0.537s] Level 1:colcon.colcon_core.package_identification:_identify(.) by extensions ['colcon_pkg']
[0.537s] Level 1:colcon.colcon_core.package_identification:_identify(.) by extension 'colcon_pkg'
[0.537s] Level 1:colcon.colcon_core.package_identification:_identify(.) by extensions ['colcon_meta']
[0.537s] Level 1:colcon.colcon_core.package_identification:_identify(.) by extension 'colcon_meta'
[0.537s] Level 1:colcon.colcon_core.package_identification:_identify(.) by extensions ['ros']
[0.537s] Level 1:colcon.colcon_core.package_identification:_identify(.) by extension 'ros'
[0.597s] Level 1:colcon.colcon_core.package_identification:_identify(.) by extensions ['cmake', 'python']
[0.597s] Level 1:colcon.colcon_core.package_identification:_identify(.) by extension 'cmake'
[0.597s] Level 1:colcon.colcon_core.package_identification:_identify(.) by extension 'python'
[0.597s] Level 1:colcon.colcon_core.package_identification:_identify(.) by extensions ['python_setup_py']
[0.597s] Level 1:colcon.colcon_core.package_identification:_identify(.) by extension 'python_setup_py'
[0.597s] Level 1:colcon.colcon_core.package_identification:_identify(build) by extensions ['ignore', 'ignore_ament_install']
[0.598s] Level 1:colcon.colcon_core.package_identification:_identify(build) by extension 'ignore'
[0.598s] Level 1:colcon.colcon_core.package_identification:_identify(build) ignored
[0.598s] Level 1:colcon.colcon_core.package_identification:_identify(install) by extensions ['ignore', 'ignore_ament_install']
[0.598s] Level 1:colcon.colcon_core.package_identification:_identify(install) by extension 'ignore'
[0.598s] Level 1:colcon.colcon_core.package_identification:_identify(install) ignored
[0.598s] Level 1:colcon.colcon_core.package_identification:_identify(log) by extensions ['ignore', 'ignore_ament_install']
[0.598s] Level 1:colcon.colcon_core.package_identification:_identify(log) by extension 'ignore'
[0.598s] Level 1:colcon.colcon_core.package_identification:_identify(log) ignored
[0.598s] Level 1:colcon.colcon_core.package_identification:_identify(src) by extensions ['ignore', 'ignore_ament_install']
[0.598s] Level 1:colcon.colcon_core.package_identification:_identify(src) by extension 'ignore'
[0.598s] Level 1:colcon.colcon_core.package_identification:_identify(src) by extension 'ignore_ament_install'
[0.599s] Level 1:colcon.colcon_core.package_identification:_identify(src) by extensions ['colcon_pkg']
[0.599s] Level 1:colcon.colcon_core.package_identification:_identify(src) by extension 'colcon_pkg'
[0.599s] Level 1:colcon.colcon_core.package_identification:_identify(src) by extensions ['colcon_meta']
[0.599s] Level 1:colcon.colcon_core.package_identification:_identify(src) by extension 'colcon_meta'
[0.599s] Level 1:colcon.colcon_core.package_identification:_identify(src) by extensions ['ros']
[0.599s] Level 1:colcon.colcon_core.package_identification:_identify(src) by extension 'ros'
[0.599s] Level 1:colcon.colcon_core.package_identification:_identify(src) by extensions ['cmake', 'python']
[0.599s] Level 1:colcon.colcon_core.package_identification:_identify(src) by extension 'cmake'
[0.599s] Level 1:colcon.colcon_core.package_identification:_identify(src) by extension 'python'
[0.599s] Level 1:colcon.colcon_core.package_identification:_identify(src) by extensions ['python_setup_py']
[0.599s] Level 1:colcon.colcon_core.package_identification:_identify(src) by extension 'python_setup_py'
[0.599s] Level 1:colcon.colcon_core.package_identification:_identify(src/mybot37) by extensions ['ignore', 'ignore_ament_install']
[0.599s] Level 1:colcon.colcon_core.package_identification:_identify(src/mybot37) by extension 'ignore'
[0.599s] Level 1:colcon.colcon_core.package_identification:_identify(src/mybot37) by extension 'ignore_ament_install'
[0.599s] Level 1:colcon.colcon_core.package_identification:_identify(src/mybot37) by extensions ['colcon_pkg']
[0.599s] Level 1:colcon.colcon_core.package_identification:_identify(src/mybot37) by extension 'colcon_pkg'
[0.600s] Level 1:colcon.colcon_core.package_identification:_identify(src/mybot37) by extensions ['colcon_meta']
[0.600s] Level 1:colcon.colcon_core.package_identification:_identify(src/mybot37) by extension 'colcon_meta'
[0.600s] Level 1:colcon.colcon_core.package_identification:_identify(src/mybot37) by extensions ['ros']
[0.600s] Level 1:colcon.colcon_core.package_identification:_identify(src/mybot37) by extension 'ros'
[0.603s] DEBUG:colcon.colcon_core.package_identification:Package 'src/mybot37' with type 'ros.ament_cmake' and name 'mybot37'
[0.603s] Level 1:colcon.colcon_core.package_discovery:discover_packages(recursive) using defaults
[0.603s] Level 1:colcon.colcon_core.package_discovery:discover_packages(ignore) discover
[0.603s] Level 1:colcon.colcon_core.package_discovery:discover_packages(ignore) using defaults
[0.603s] Level 1:colcon.colcon_core.package_discovery:discover_packages(path) discover
[0.603s] Level 1:colcon.colcon_core.package_discovery:discover_packages(path) using defaults
[0.645s] Level 1:colcon.colcon_core.package_discovery:discover_packages(prefix_path) check parameters
[0.645s] Level 1:colcon.colcon_core.package_discovery:discover_packages(prefix_path) discover
[0.651s] DEBUG:colcon.colcon_installed_package_information.package_discovery:Found 1 installed packages in /home/jakhon37/myspace/robotics/ros2_ws/src/install
[0.656s] DEBUG:colcon.colcon_installed_package_information.package_discovery:Found 285 installed packages in /opt/ros/jazzy
[0.659s] Level 1:colcon.colcon_core.package_discovery:discover_packages(prefix_path) using defaults
[0.799s] Level 5:colcon.colcon_core.verb:set package 'mybot37' build argument 'cmake_args' from command line to 'None'
[0.799s] Level 5:colcon.colcon_core.verb:set package 'mybot37' build argument 'cmake_target' from command line to 'None'
[0.799s] Level 5:colcon.colcon_core.verb:set package 'mybot37' build argument 'cmake_target_skip_unavailable' from command line to 'False'
[0.799s] Level 5:colcon.colcon_core.verb:set package 'mybot37' build argument 'cmake_clean_cache' from command line to 'False'
[0.799s] Level 5:colcon.colcon_core.verb:set package 'mybot37' build argument 'cmake_clean_first' from command line to 'False'
[0.799s] Level 5:colcon.colcon_core.verb:set package 'mybot37' build argument 'cmake_force_configure' from command line to 'False'
[0.799s] Level 5:colcon.colcon_core.verb:set package 'mybot37' build argument 'ament_cmake_args' from command line to 'None'
[0.799s] Level 5:colcon.colcon_core.verb:set package 'mybot37' build argument 'catkin_cmake_args' from command line to 'None'
[0.799s] Level 5:colcon.colcon_core.verb:set package 'mybot37' build argument 'catkin_skip_building_tests' from command line to 'False'
[0.799s] DEBUG:colcon.colcon_core.verb:Building package 'mybot37' with the following arguments: {'ament_cmake_args': None, 'build_base': '/home/jakhon37/myspace/robotics/autonomous_ROS/build/mybot37', 'catkin_cmake_args': None, 'catkin_skip_building_tests': False, 'cmake_args': None, 'cmake_clean_cache': False, 'cmake_clean_first': False, 'cmake_force_configure': False, 'cmake_target': None, 'cmake_target_skip_unavailable': False, 'install_base': '/home/jakhon37/myspace/robotics/autonomous_ROS/install/mybot37', 'merge_install': False, 'path': '/home/jakhon37/myspace/robotics/autonomous_ROS/src/mybot37', 'symlink_install': True, 'test_result_base': None}
[0.799s] INFO:colcon.colcon_core.executor:Executing jobs using 'parallel' executor
[0.800s] DEBUG:colcon.colcon_parallel_executor.executor.parallel:run_until_complete
[0.800s] INFO:colcon.colcon_ros.task.ament_cmake.build:Building ROS package in '/home/jakhon37/myspace/robotics/autonomous_ROS/src/mybot37' with build type 'ament_cmake'
[0.800s] INFO:colcon.colcon_cmake.task.cmake.build:Building CMake package in '/home/jakhon37/myspace/robotics/autonomous_ROS/src/mybot37'
[0.805s] INFO:colcon.colcon_core.plugin_system:Skipping extension 'colcon_core.shell.bat': Not used on non-Windows systems
[0.805s] INFO:colcon.colcon_core.shell:Skip shell extension 'powershell' for command environment: Not usable outside of PowerShell
[0.805s] DEBUG:colcon.colcon_core.shell:Skip shell extension 'dsv' for command environment
[0.816s] DEBUG:colcon.colcon_core.event_handler.log_command:Invoking command in '/home/jakhon37/myspace/robotics/autonomous_ROS/build/mybot37': CMAKE_PREFIX_PATH=${CMAKE_PREFIX_PATH}:/home/jakhon37/myspace/robotics/ros2_ws/src/install/my_robot_controller:/opt/ros/jazzy CONDA_PROMPT_MODIFIER=(base) DEBUGINFOD_URLS=https://debuginfod.ubuntu.com /usr/bin/cmake /home/jakhon37/myspace/robotics/autonomous_ROS/src/mybot37 -DAMENT_CMAKE_SYMLINK_INSTALL=1 -DCMAKE_INSTALL_PREFIX=/home/jakhon37/myspace/robotics/autonomous_ROS/install/mybot37
[2.339s] DEBUG:colcon.colcon_core.event_handler.log_command:Invoked command in '/home/jakhon37/myspace/robotics/autonomous_ROS/build/mybot37' returned '0': CMAKE_PREFIX_PATH=${CMAKE_PREFIX_PATH}:/home/jakhon37/myspace/robotics/ros2_ws/src/install/my_robot_controller:/opt/ros/jazzy CONDA_PROMPT_MODIFIER=(base) DEBUGINFOD_URLS=https://debuginfod.ubuntu.com /usr/bin/cmake /home/jakhon37/myspace/robotics/autonomous_ROS/src/mybot37 -DAMENT_CMAKE_SYMLINK_INSTALL=1 -DCMAKE_INSTALL_PREFIX=/home/jakhon37/myspace/robotics/autonomous_ROS/install/mybot37
[2.342s] DEBUG:colcon.colcon_core.event_handler.log_command:Invoking command in '/home/jakhon37/myspace/robotics/autonomous_ROS/build/mybot37': CMAKE_PREFIX_PATH=${CMAKE_PREFIX_PATH}:/home/jakhon37/myspace/robotics/ros2_ws/src/install/my_robot_controller:/opt/ros/jazzy CONDA_PROMPT_MODIFIER=(base) DEBUGINFOD_URLS=https://debuginfod.ubuntu.com /usr/bin/cmake --build /home/jakhon37/myspace/robotics/autonomous_ROS/build/mybot37 -- -j4 -l4
[2.393s] DEBUG:colcon.colcon_core.event_handler.log_command:Invoked command in '/home/jakhon37/myspace/robotics/autonomous_ROS/build/mybot37' returned '0': CMAKE_PREFIX_PATH=${CMAKE_PREFIX_PATH}:/home/jakhon37/myspace/robotics/ros2_ws/src/install/my_robot_controller:/opt/ros/jazzy CONDA_PROMPT_MODIFIER=(base) DEBUGINFOD_URLS=https://debuginfod.ubuntu.com /usr/bin/cmake --build /home/jakhon37/myspace/robotics/autonomous_ROS/build/mybot37 -- -j4 -l4
[2.405s] DEBUG:colcon.colcon_core.event_handler.log_command:Invoking command in '/home/jakhon37/myspace/robotics/autonomous_ROS/build/mybot37': CMAKE_PREFIX_PATH=${CMAKE_PREFIX_PATH}:/home/jakhon37/myspace/robotics/ros2_ws/src/install/my_robot_controller:/opt/ros/jazzy CONDA_PROMPT_MODIFIER=(base) DEBUGINFOD_URLS=https://debuginfod.ubuntu.com /usr/bin/cmake --install /home/jakhon37/myspace/robotics/autonomous_ROS/build/mybot37
[2.686s] Level 1:colcon.colcon_core.environment:create_environment_scripts_only(mybot37)
[2.687s] DEBUG:colcon.colcon_core.event_handler.log_command:Invoked command in '/home/jakhon37/myspace/robotics/autonomous_ROS/build/mybot37' returned '0': CMAKE_PREFIX_PATH=${CMAKE_PREFIX_PATH}:/home/jakhon37/myspace/robotics/ros2_ws/src/install/my_robot_controller:/opt/ros/jazzy CONDA_PROMPT_MODIFIER=(base) DEBUGINFOD_URLS=https://debuginfod.ubuntu.com /usr/bin/cmake --install /home/jakhon37/myspace/robotics/autonomous_ROS/build/mybot37
[2.695s] Level 1:colcon.colcon_core.environment:checking '/home/jakhon37/myspace/robotics/autonomous_ROS/install/mybot37' for CMake module files
[2.696s] Level 1:colcon.colcon_core.environment:checking '/home/jakhon37/myspace/robotics/autonomous_ROS/install/mybot37' for CMake config files
[2.696s] Level 1:colcon.colcon_core.shell:create_environment_hook('mybot37', 'cmake_prefix_path')
[2.697s] INFO:colcon.colcon_core.shell:Creating environment hook '/home/jakhon37/myspace/robotics/autonomous_ROS/install/mybot37/share/mybot37/hook/cmake_prefix_path.ps1'
[2.699s] INFO:colcon.colcon_core.shell:Creating environment descriptor '/home/jakhon37/myspace/robotics/autonomous_ROS/install/mybot37/share/mybot37/hook/cmake_prefix_path.dsv'
[2.702s] INFO:colcon.colcon_core.shell:Creating environment hook '/home/jakhon37/myspace/robotics/autonomous_ROS/install/mybot37/share/mybot37/hook/cmake_prefix_path.sh'
[2.703s] Level 1:colcon.colcon_core.environment:checking '/home/jakhon37/myspace/robotics/autonomous_ROS/install/mybot37/bin'
[2.703s] Level 1:colcon.colcon_core.environment:checking '/home/jakhon37/myspace/robotics/autonomous_ROS/install/mybot37/lib/pkgconfig/mybot37.pc'
[2.704s] Level 1:colcon.colcon_core.environment:checking '/home/jakhon37/myspace/robotics/autonomous_ROS/install/mybot37/lib/python3.12/site-packages'
[2.704s] Level 1:colcon.colcon_core.environment:checking '/home/jakhon37/myspace/robotics/autonomous_ROS/install/mybot37/bin'
[2.704s] INFO:colcon.colcon_core.shell:Creating package script '/home/jakhon37/myspace/robotics/autonomous_ROS/install/mybot37/share/mybot37/package.ps1'
[2.706s] INFO:colcon.colcon_core.shell:Creating package descriptor '/home/jakhon37/myspace/robotics/autonomous_ROS/install/mybot37/share/mybot37/package.dsv'
[2.706s] INFO:colcon.colcon_core.shell:Creating package script '/home/jakhon37/myspace/robotics/autonomous_ROS/install/mybot37/share/mybot37/package.sh'
[2.707s] INFO:colcon.colcon_core.shell:Creating package script '/home/jakhon37/myspace/robotics/autonomous_ROS/install/mybot37/share/mybot37/package.bash'
[2.708s] INFO:colcon.colcon_core.shell:Creating package script '/home/jakhon37/myspace/robotics/autonomous_ROS/install/mybot37/share/mybot37/package.zsh'
[2.709s] Level 1:colcon.colcon_core.environment:create_file_with_runtime_dependencies(/home/jakhon37/myspace/robotics/autonomous_ROS/install/mybot37/share/colcon-core/packages/mybot37)
[2.710s] Level 1:colcon.colcon_core.environment:create_environment_scripts_only(mybot37)
[2.710s] Level 1:colcon.colcon_core.environment:checking '/home/jakhon37/myspace/robotics/autonomous_ROS/install/mybot37' for CMake module files
[2.712s] Level 1:colcon.colcon_core.environment:checking '/home/jakhon37/myspace/robotics/autonomous_ROS/install/mybot37' for CMake config files
[2.712s] Level 1:colcon.colcon_core.shell:create_environment_hook('mybot37', 'cmake_prefix_path')
[2.713s] INFO:colcon.colcon_core.shell:Creating environment hook '/home/jakhon37/myspace/robotics/autonomous_ROS/install/mybot37/share/mybot37/hook/cmake_prefix_path.ps1'
[2.714s] INFO:colcon.colcon_core.shell:Creating environment descriptor '/home/jakhon37/myspace/robotics/autonomous_ROS/install/mybot37/share/mybot37/hook/cmake_prefix_path.dsv'
[2.714s] INFO:colcon.colcon_core.shell:Creating environment hook '/home/jakhon37/myspace/robotics/autonomous_ROS/install/mybot37/share/mybot37/hook/cmake_prefix_path.sh'
[2.715s] Level 1:colcon.colcon_core.environment:checking '/home/jakhon37/myspace/robotics/autonomous_ROS/install/mybot37/bin'
[2.715s] Level 1:colcon.colcon_core.environment:checking '/home/jakhon37/myspace/robotics/autonomous_ROS/install/mybot37/lib/pkgconfig/mybot37.pc'
[2.716s] Level 1:colcon.colcon_core.environment:checking '/home/jakhon37/myspace/robotics/autonomous_ROS/install/mybot37/lib/python3.12/site-packages'
[2.718s] Level 1:colcon.colcon_core.environment:checking '/home/jakhon37/myspace/robotics/autonomous_ROS/install/mybot37/bin'
[2.718s] INFO:colcon.colcon_core.shell:Creating package script '/home/jakhon37/myspace/robotics/autonomous_ROS/install/mybot37/share/mybot37/package.ps1'
[2.719s] INFO:colcon.colcon_core.shell:Creating package descriptor '/home/jakhon37/myspace/robotics/autonomous_ROS/install/mybot37/share/mybot37/package.dsv'
[2.720s] INFO:colcon.colcon_core.shell:Creating package script '/home/jakhon37/myspace/robotics/autonomous_ROS/install/mybot37/share/mybot37/package.sh'
[2.720s] INFO:colcon.colcon_core.shell:Creating package script '/home/jakhon37/myspace/robotics/autonomous_ROS/install/mybot37/share/mybot37/package.bash'
[2.721s] INFO:colcon.colcon_core.shell:Creating package script '/home/jakhon37/myspace/robotics/autonomous_ROS/install/mybot37/share/mybot37/package.zsh'
[2.722s] Level 1:colcon.colcon_core.environment:create_file_with_runtime_dependencies(/home/jakhon37/myspace/robotics/autonomous_ROS/install/mybot37/share/colcon-core/packages/mybot37)
[2.722s] DEBUG:colcon.colcon_parallel_executor.executor.parallel:closing loop
[2.723s] DEBUG:colcon.colcon_parallel_executor.executor.parallel:loop closed
[2.723s] DEBUG:colcon.colcon_parallel_executor.executor.parallel:run_until_complete finished with '0'
[2.723s] DEBUG:colcon.colcon_core.event_reactor:joining thread
[2.741s] INFO:colcon.colcon_core.plugin_system:Skipping extension 'colcon_notification.desktop_notification.terminal_notifier': Not used on non-Darwin systems
[2.741s] INFO:colcon.colcon_core.plugin_system:Skipping extension 'colcon_notification.desktop_notification.win32': Not used on non-Windows systems
[2.741s] INFO:colcon.colcon_notification.desktop_notification:Sending desktop notification using 'notify2'
[2.758s] DEBUG:colcon.colcon_core.event_reactor:joined thread
[2.759s] INFO:colcon.colcon_core.shell:Creating prefix script '/home/jakhon37/myspace/robotics/autonomous_ROS/install/local_setup.ps1'
[2.760s] INFO:colcon.colcon_core.shell:Creating prefix util module '/home/jakhon37/myspace/robotics/autonomous_ROS/install/_local_setup_util_ps1.py'
[2.762s] INFO:colcon.colcon_core.shell:Creating prefix chain script '/home/jakhon37/myspace/robotics/autonomous_ROS/install/setup.ps1'
[2.763s] INFO:colcon.colcon_core.shell:Creating prefix script '/home/jakhon37/myspace/robotics/autonomous_ROS/install/local_setup.sh'
[2.764s] INFO:colcon.colcon_core.shell:Creating prefix util module '/home/jakhon37/myspace/robotics/autonomous_ROS/install/_local_setup_util_sh.py'
[2.765s] INFO:colcon.colcon_core.shell:Creating prefix chain script '/home/jakhon37/myspace/robotics/autonomous_ROS/install/setup.sh'
[2.766s] INFO:colcon.colcon_core.shell:Creating prefix script '/home/jakhon37/myspace/robotics/autonomous_ROS/install/local_setup.bash'
[2.767s] INFO:colcon.colcon_core.shell:Creating prefix chain script '/home/jakhon37/myspace/robotics/autonomous_ROS/install/setup.bash'
[2.768s] INFO:colcon.colcon_core.shell:Creating prefix script '/home/jakhon37/myspace/robotics/autonomous_ROS/install/local_setup.zsh'
[2.769s] INFO:colcon.colcon_core.shell:Creating prefix chain script '/home/jakhon37/myspace/robotics/autonomous_ROS/install/setup.zsh'
