[1.178s] DEBUG:colcon:Command line arguments: ['/usr/bin/colcon', 'build', '--symlink-install']
[1.179s] DEBUG:colcon:Parsed command line arguments: Namespace(log_base=None, log_level=None, verb_name='build', build_base='build', install_base='install', merge_install=False, symlink_install=True, test_result_base=None, continue_on_error=False, executor='parallel', parallel_workers=4, event_handlers=None, ignore_user_meta=False, metas=['./colcon.meta'], base_paths=['.'], packages_ignore=None, packages_ignore_regex=None, paths=None, packages_up_to=None, packages_up_to_regex=None, packages_above=None, packages_above_and_dependencies=None, packages_above_depth=None, packages_select_by_dep=None, packages_skip_by_dep=None, packages_skip_up_to=None, packages_select_build_failed=False, packages_skip_build_finished=False, packages_select_test_failures=False, packages_skip_test_passed=False, packages_select=None, packages_skip=None, packages_select_regex=None, packages_skip_regex=None, packages_start=None, packages_end=None, allow_overriding=[], cmake_args=None, cmake_target=None, cmake_target_skip_unavailable=False, cmake_clean_cache=False, cmake_clean_first=False, cmake_force_configure=False, ament_cmake_args=None, catkin_cmake_args=None, catkin_skip_building_tests=False, mixin_files=None, mixin=None, verb_parser=<colcon_mixin.mixin.mixin_argument.MixinArgumentDecorator object at 0xffff851f78b0>, verb_extension=<colcon_core.verb.build.BuildVerb object at 0xffff8535c880>, main=<bound method BuildVerb.main of <colcon_core.verb.build.BuildVerb object at 0xffff8535c880>>, mixin_verb=('build',))
[2.594s] Level 1:colcon.colcon_core.package_discovery:discover_packages(colcon_meta) check parameters
[2.595s] Level 1:colcon.colcon_core.package_discovery:discover_packages(recursive) check parameters
[2.595s] Level 1:colcon.colcon_core.package_discovery:discover_packages(ignore) check parameters
[2.595s] Level 1:colcon.colcon_core.package_discovery:discover_packages(path) check parameters
[2.595s] Level 1:colcon.colcon_core.package_discovery:discover_packages(colcon_meta) discover
[2.596s] Level 1:colcon.colcon_core.package_discovery:discover_packages(recursive) discover
[2.596s] INFO:colcon.colcon_core.package_discovery:Crawling recursively for packages in '/home/ubuntu/autonomous_ROS'
[2.597s] Level 1:colcon.colcon_core.package_identification:_identify(.) by extensions ['ignore', 'ignore_ament_install']
[2.597s] Level 1:colcon.colcon_core.package_identification:_identify(.) by extension 'ignore'
[2.598s] Level 1:colcon.colcon_core.package_identification:_identify(.) by extension 'ignore_ament_install'
[2.598s] Level 1:colcon.colcon_core.package_identification:_identify(.) by extensions ['colcon_pkg']
[2.598s] Level 1:colcon.colcon_core.package_identification:_identify(.) by extension 'colcon_pkg'
[2.598s] Level 1:colcon.colcon_core.package_identification:_identify(.) by extensions ['colcon_meta']
[2.599s] Level 1:colcon.colcon_core.package_identification:_identify(.) by extension 'colcon_meta'
[2.599s] Level 1:colcon.colcon_core.package_identification:_identify(.) by extensions ['ros']
[2.599s] Level 1:colcon.colcon_core.package_identification:_identify(.) by extension 'ros'
[2.702s] Level 1:colcon.colcon_core.package_identification:_identify(.) by extensions ['cmake', 'python']
[2.703s] Level 1:colcon.colcon_core.package_identification:_identify(.) by extension 'cmake'
[2.703s] Level 1:colcon.colcon_core.package_identification:_identify(.) by extension 'python'
[2.703s] Level 1:colcon.colcon_core.package_identification:_identify(.) by extensions ['python_setup_py']
[2.703s] Level 1:colcon.colcon_core.package_identification:_identify(.) by extension 'python_setup_py'
[2.704s] Level 1:colcon.colcon_core.package_identification:_identify(build) by extensions ['ignore', 'ignore_ament_install']
[2.704s] Level 1:colcon.colcon_core.package_identification:_identify(build) by extension 'ignore'
[2.705s] Level 1:colcon.colcon_core.package_identification:_identify(build) ignored
[2.705s] Level 1:colcon.colcon_core.package_identification:_identify(install) by extensions ['ignore', 'ignore_ament_install']
[2.706s] Level 1:colcon.colcon_core.package_identification:_identify(install) by extension 'ignore'
[2.706s] Level 1:colcon.colcon_core.package_identification:_identify(install) ignored
[2.706s] Level 1:colcon.colcon_core.package_identification:_identify(launch) by extensions ['ignore', 'ignore_ament_install']
[2.707s] Level 1:colcon.colcon_core.package_identification:_identify(launch) by extension 'ignore'
[2.707s] Level 1:colcon.colcon_core.package_identification:_identify(launch) by extension 'ignore_ament_install'
[2.707s] Level 1:colcon.colcon_core.package_identification:_identify(launch) by extensions ['colcon_pkg']
[2.708s] Level 1:colcon.colcon_core.package_identification:_identify(launch) by extension 'colcon_pkg'
[2.708s] Level 1:colcon.colcon_core.package_identification:_identify(launch) by extensions ['colcon_meta']
[2.708s] Level 1:colcon.colcon_core.package_identification:_identify(launch) by extension 'colcon_meta'
[2.708s] Level 1:colcon.colcon_core.package_identification:_identify(launch) by extensions ['ros']
[2.708s] Level 1:colcon.colcon_core.package_identification:_identify(launch) by extension 'ros'
[2.709s] Level 1:colcon.colcon_core.package_identification:_identify(launch) by extensions ['cmake', 'python']
[2.709s] Level 1:colcon.colcon_core.package_identification:_identify(launch) by extension 'cmake'
[2.709s] Level 1:colcon.colcon_core.package_identification:_identify(launch) by extension 'python'
[2.709s] Level 1:colcon.colcon_core.package_identification:_identify(launch) by extensions ['python_setup_py']
[2.709s] Level 1:colcon.colcon_core.package_identification:_identify(launch) by extension 'python_setup_py'
[2.710s] Level 1:colcon.colcon_core.package_identification:_identify(launch/__pycache__) by extensions ['ignore', 'ignore_ament_install']
[2.710s] Level 1:colcon.colcon_core.package_identification:_identify(launch/__pycache__) by extension 'ignore'
[2.711s] Level 1:colcon.colcon_core.package_identification:_identify(launch/__pycache__) by extension 'ignore_ament_install'
[2.711s] Level 1:colcon.colcon_core.package_identification:_identify(launch/__pycache__) by extensions ['colcon_pkg']
[2.711s] Level 1:colcon.colcon_core.package_identification:_identify(launch/__pycache__) by extension 'colcon_pkg'
[2.711s] Level 1:colcon.colcon_core.package_identification:_identify(launch/__pycache__) by extensions ['colcon_meta']
[2.712s] Level 1:colcon.colcon_core.package_identification:_identify(launch/__pycache__) by extension 'colcon_meta'
[2.712s] Level 1:colcon.colcon_core.package_identification:_identify(launch/__pycache__) by extensions ['ros']
[2.712s] Level 1:colcon.colcon_core.package_identification:_identify(launch/__pycache__) by extension 'ros'
[2.712s] Level 1:colcon.colcon_core.package_identification:_identify(launch/__pycache__) by extensions ['cmake', 'python']
[2.713s] Level 1:colcon.colcon_core.package_identification:_identify(launch/__pycache__) by extension 'cmake'
[2.713s] Level 1:colcon.colcon_core.package_identification:_identify(launch/__pycache__) by extension 'python'
[2.713s] Level 1:colcon.colcon_core.package_identification:_identify(launch/__pycache__) by extensions ['python_setup_py']
[2.713s] Level 1:colcon.colcon_core.package_identification:_identify(launch/__pycache__) by extension 'python_setup_py'
[2.714s] Level 1:colcon.colcon_core.package_identification:_identify(log) by extensions ['ignore', 'ignore_ament_install']
[2.714s] Level 1:colcon.colcon_core.package_identification:_identify(log) by extension 'ignore'
[2.714s] Level 1:colcon.colcon_core.package_identification:_identify(log) ignored
[2.715s] Level 1:colcon.colcon_core.package_identification:_identify(src) by extensions ['ignore', 'ignore_ament_install']
[2.715s] Level 1:colcon.colcon_core.package_identification:_identify(src) by extension 'ignore'
[2.715s] Level 1:colcon.colcon_core.package_identification:_identify(src) by extension 'ignore_ament_install'
[2.716s] Level 1:colcon.colcon_core.package_identification:_identify(src) by extensions ['colcon_pkg']
[2.716s] Level 1:colcon.colcon_core.package_identification:_identify(src) by extension 'colcon_pkg'
[2.716s] Level 1:colcon.colcon_core.package_identification:_identify(src) by extensions ['colcon_meta']
[2.716s] Level 1:colcon.colcon_core.package_identification:_identify(src) by extension 'colcon_meta'
[2.716s] Level 1:colcon.colcon_core.package_identification:_identify(src) by extensions ['ros']
[2.717s] Level 1:colcon.colcon_core.package_identification:_identify(src) by extension 'ros'
[2.717s] Level 1:colcon.colcon_core.package_identification:_identify(src) by extensions ['cmake', 'python']
[2.717s] Level 1:colcon.colcon_core.package_identification:_identify(src) by extension 'cmake'
[2.717s] Level 1:colcon.colcon_core.package_identification:_identify(src) by extension 'python'
[2.718s] Level 1:colcon.colcon_core.package_identification:_identify(src) by extensions ['python_setup_py']
[2.718s] Level 1:colcon.colcon_core.package_identification:_identify(src) by extension 'python_setup_py'
[2.718s] Level 1:colcon.colcon_core.package_identification:_identify(src/motor_control) by extensions ['ignore', 'ignore_ament_install']
[2.719s] Level 1:colcon.colcon_core.package_identification:_identify(src/motor_control) by extension 'ignore'
[2.719s] Level 1:colcon.colcon_core.package_identification:_identify(src/motor_control) by extension 'ignore_ament_install'
[2.719s] Level 1:colcon.colcon_core.package_identification:_identify(src/motor_control) by extensions ['colcon_pkg']
[2.719s] Level 1:colcon.colcon_core.package_identification:_identify(src/motor_control) by extension 'colcon_pkg'
[2.720s] Level 1:colcon.colcon_core.package_identification:_identify(src/motor_control) by extensions ['colcon_meta']
[2.720s] Level 1:colcon.colcon_core.package_identification:_identify(src/motor_control) by extension 'colcon_meta'
[2.720s] Level 1:colcon.colcon_core.package_identification:_identify(src/motor_control) by extensions ['ros']
[2.720s] Level 1:colcon.colcon_core.package_identification:_identify(src/motor_control) by extension 'ros'
[2.735s] DEBUG:colcon.colcon_core.package_identification:Package 'src/motor_control' with type 'ros.ament_python' and name 'motor_control'
[2.736s] Level 1:colcon.colcon_core.package_identification:_identify(src/mpu6050_imu) by extensions ['ignore', 'ignore_ament_install']
[2.737s] Level 1:colcon.colcon_core.package_identification:_identify(src/mpu6050_imu) by extension 'ignore'
[2.737s] Level 1:colcon.colcon_core.package_identification:_identify(src/mpu6050_imu) by extension 'ignore_ament_install'
[2.737s] Level 1:colcon.colcon_core.package_identification:_identify(src/mpu6050_imu) by extensions ['colcon_pkg']
[2.738s] Level 1:colcon.colcon_core.package_identification:_identify(src/mpu6050_imu) by extension 'colcon_pkg'
[2.738s] Level 1:colcon.colcon_core.package_identification:_identify(src/mpu6050_imu) by extensions ['colcon_meta']
[2.738s] Level 1:colcon.colcon_core.package_identification:_identify(src/mpu6050_imu) by extension 'colcon_meta'
[2.738s] Level 1:colcon.colcon_core.package_identification:_identify(src/mpu6050_imu) by extensions ['ros']
[2.739s] Level 1:colcon.colcon_core.package_identification:_identify(src/mpu6050_imu) by extension 'ros'
[2.743s] DEBUG:colcon.colcon_core.package_identification:Package 'src/mpu6050_imu' with type 'ros.ament_python' and name 'mpu6050_imu'
[2.744s] Level 1:colcon.colcon_core.package_identification:_identify(src/mybot37) by extensions ['ignore', 'ignore_ament_install']
[2.744s] Level 1:colcon.colcon_core.package_identification:_identify(src/mybot37) by extension 'ignore'
[2.745s] Level 1:colcon.colcon_core.package_identification:_identify(src/mybot37) by extension 'ignore_ament_install'
[2.745s] Level 1:colcon.colcon_core.package_identification:_identify(src/mybot37) by extensions ['colcon_pkg']
[2.745s] Level 1:colcon.colcon_core.package_identification:_identify(src/mybot37) by extension 'colcon_pkg'
[2.745s] Level 1:colcon.colcon_core.package_identification:_identify(src/mybot37) by extensions ['colcon_meta']
[2.745s] Level 1:colcon.colcon_core.package_identification:_identify(src/mybot37) by extension 'colcon_meta'
[2.746s] Level 1:colcon.colcon_core.package_identification:_identify(src/mybot37) by extensions ['ros']
[2.746s] Level 1:colcon.colcon_core.package_identification:_identify(src/mybot37) by extension 'ros'
[2.748s] DEBUG:colcon.colcon_core.package_identification:Package 'src/mybot37' with type 'ros.ament_cmake' and name 'mybot37'
[2.749s] Level 1:colcon.colcon_core.package_discovery:discover_packages(recursive) using defaults
[2.749s] Level 1:colcon.colcon_core.package_discovery:discover_packages(ignore) discover
[2.749s] Level 1:colcon.colcon_core.package_discovery:discover_packages(ignore) using defaults
[2.749s] Level 1:colcon.colcon_core.package_discovery:discover_packages(path) discover
[2.749s] Level 1:colcon.colcon_core.package_discovery:discover_packages(path) using defaults
[2.885s] Level 1:colcon.colcon_core.package_discovery:discover_packages(prefix_path) check parameters
[2.885s] Level 1:colcon.colcon_core.package_discovery:discover_packages(prefix_path) discover
[2.918s] DEBUG:colcon.colcon_installed_package_information.package_discovery:Found 187 installed packages in /opt/ros/humble
[2.923s] Level 1:colcon.colcon_core.package_discovery:discover_packages(prefix_path) using defaults
[3.094s] Level 5:colcon.colcon_core.verb:set package 'motor_control' build argument 'cmake_args' from command line to 'None'
[3.095s] Level 5:colcon.colcon_core.verb:set package 'motor_control' build argument 'cmake_target' from command line to 'None'
[3.095s] Level 5:colcon.colcon_core.verb:set package 'motor_control' build argument 'cmake_target_skip_unavailable' from command line to 'False'
[3.095s] Level 5:colcon.colcon_core.verb:set package 'motor_control' build argument 'cmake_clean_cache' from command line to 'False'
[3.095s] Level 5:colcon.colcon_core.verb:set package 'motor_control' build argument 'cmake_clean_first' from command line to 'False'
[3.095s] Level 5:colcon.colcon_core.verb:set package 'motor_control' build argument 'cmake_force_configure' from command line to 'False'
[3.096s] Level 5:colcon.colcon_core.verb:set package 'motor_control' build argument 'ament_cmake_args' from command line to 'None'
[3.096s] Level 5:colcon.colcon_core.verb:set package 'motor_control' build argument 'catkin_cmake_args' from command line to 'None'
[3.096s] Level 5:colcon.colcon_core.verb:set package 'motor_control' build argument 'catkin_skip_building_tests' from command line to 'False'
[3.096s] DEBUG:colcon.colcon_core.verb:Building package 'motor_control' with the following arguments: {'ament_cmake_args': None, 'build_base': '/home/ubuntu/autonomous_ROS/build/motor_control', 'catkin_cmake_args': None, 'catkin_skip_building_tests': False, 'cmake_args': None, 'cmake_clean_cache': False, 'cmake_clean_first': False, 'cmake_force_configure': False, 'cmake_target': None, 'cmake_target_skip_unavailable': False, 'install_base': '/home/ubuntu/autonomous_ROS/install/motor_control', 'merge_install': False, 'path': '/home/ubuntu/autonomous_ROS/src/motor_control', 'symlink_install': True, 'test_result_base': None}
[3.098s] Level 5:colcon.colcon_core.verb:set package 'mpu6050_imu' build argument 'cmake_args' from command line to 'None'
[3.098s] Level 5:colcon.colcon_core.verb:set package 'mpu6050_imu' build argument 'cmake_target' from command line to 'None'
[3.098s] Level 5:colcon.colcon_core.verb:set package 'mpu6050_imu' build argument 'cmake_target_skip_unavailable' from command line to 'False'
[3.098s] Level 5:colcon.colcon_core.verb:set package 'mpu6050_imu' build argument 'cmake_clean_cache' from command line to 'False'
[3.098s] Level 5:colcon.colcon_core.verb:set package 'mpu6050_imu' build argument 'cmake_clean_first' from command line to 'False'
[3.098s] Level 5:colcon.colcon_core.verb:set package 'mpu6050_imu' build argument 'cmake_force_configure' from command line to 'False'
[3.099s] Level 5:colcon.colcon_core.verb:set package 'mpu6050_imu' build argument 'ament_cmake_args' from command line to 'None'
[3.099s] Level 5:colcon.colcon_core.verb:set package 'mpu6050_imu' build argument 'catkin_cmake_args' from command line to 'None'
[3.099s] Level 5:colcon.colcon_core.verb:set package 'mpu6050_imu' build argument 'catkin_skip_building_tests' from command line to 'False'
[3.099s] DEBUG:colcon.colcon_core.verb:Building package 'mpu6050_imu' with the following arguments: {'ament_cmake_args': None, 'build_base': '/home/ubuntu/autonomous_ROS/build/mpu6050_imu', 'catkin_cmake_args': None, 'catkin_skip_building_tests': False, 'cmake_args': None, 'cmake_clean_cache': False, 'cmake_clean_first': False, 'cmake_force_configure': False, 'cmake_target': None, 'cmake_target_skip_unavailable': False, 'install_base': '/home/ubuntu/autonomous_ROS/install/mpu6050_imu', 'merge_install': False, 'path': '/home/ubuntu/autonomous_ROS/src/mpu6050_imu', 'symlink_install': True, 'test_result_base': None}
[3.101s] Level 5:colcon.colcon_core.verb:set package 'mybot37' build argument 'cmake_args' from command line to 'None'
[3.101s] Level 5:colcon.colcon_core.verb:set package 'mybot37' build argument 'cmake_target' from command line to 'None'
[3.101s] Level 5:colcon.colcon_core.verb:set package 'mybot37' build argument 'cmake_target_skip_unavailable' from command line to 'False'
[3.101s] Level 5:colcon.colcon_core.verb:set package 'mybot37' build argument 'cmake_clean_cache' from command line to 'False'
[3.101s] Level 5:colcon.colcon_core.verb:set package 'mybot37' build argument 'cmake_clean_first' from command line to 'False'
[3.101s] Level 5:colcon.colcon_core.verb:set package 'mybot37' build argument 'cmake_force_configure' from command line to 'False'
[3.101s] Level 5:colcon.colcon_core.verb:set package 'mybot37' build argument 'ament_cmake_args' from command line to 'None'
[3.102s] Level 5:colcon.colcon_core.verb:set package 'mybot37' build argument 'catkin_cmake_args' from command line to 'None'
[3.102s] Level 5:colcon.colcon_core.verb:set package 'mybot37' build argument 'catkin_skip_building_tests' from command line to 'False'
[3.102s] DEBUG:colcon.colcon_core.verb:Building package 'mybot37' with the following arguments: {'ament_cmake_args': None, 'build_base': '/home/ubuntu/autonomous_ROS/build/mybot37', 'catkin_cmake_args': None, 'catkin_skip_building_tests': False, 'cmake_args': None, 'cmake_clean_cache': False, 'cmake_clean_first': False, 'cmake_force_configure': False, 'cmake_target': None, 'cmake_target_skip_unavailable': False, 'install_base': '/home/ubuntu/autonomous_ROS/install/mybot37', 'merge_install': False, 'path': '/home/ubuntu/autonomous_ROS/src/mybot37', 'symlink_install': True, 'test_result_base': None}
[3.102s] INFO:colcon.colcon_core.executor:Executing jobs using 'parallel' executor
[3.106s] DEBUG:colcon.colcon_parallel_executor.executor.parallel:run_until_complete
[3.107s] INFO:colcon.colcon_ros.task.ament_python.build:Building ROS package in '/home/ubuntu/autonomous_ROS/src/motor_control' with build type 'ament_python'
[3.108s] Level 1:colcon.colcon_core.shell:create_environment_hook('motor_control', 'ament_prefix_path')
[3.135s] INFO:colcon.colcon_core.plugin_system:Skipping extension 'colcon_core.shell.bat': Not used on non-Windows systems
[3.136s] INFO:colcon.colcon_core.shell:Creating environment hook '/home/ubuntu/autonomous_ROS/install/motor_control/share/motor_control/hook/ament_prefix_path.ps1'
[3.142s] INFO:colcon.colcon_core.shell:Creating environment descriptor '/home/ubuntu/autonomous_ROS/install/motor_control/share/motor_control/hook/ament_prefix_path.dsv'
[3.146s] INFO:colcon.colcon_core.shell:Creating environment hook '/home/ubuntu/autonomous_ROS/install/motor_control/share/motor_control/hook/ament_prefix_path.sh'
[3.151s] INFO:colcon.colcon_core.shell:Skip shell extension 'powershell' for command environment: Not usable outside of PowerShell
[3.151s] DEBUG:colcon.colcon_core.shell:Skip shell extension 'dsv' for command environment
[3.167s] INFO:colcon.colcon_ros.task.ament_python.build:Building ROS package in '/home/ubuntu/autonomous_ROS/src/mpu6050_imu' with build type 'ament_python'
[3.167s] Level 1:colcon.colcon_core.shell:create_environment_hook('mpu6050_imu', 'ament_prefix_path')
[3.169s] INFO:colcon.colcon_core.shell:Creating environment hook '/home/ubuntu/autonomous_ROS/install/mpu6050_imu/share/mpu6050_imu/hook/ament_prefix_path.ps1'
[3.172s] INFO:colcon.colcon_core.shell:Creating environment descriptor '/home/ubuntu/autonomous_ROS/install/mpu6050_imu/share/mpu6050_imu/hook/ament_prefix_path.dsv'
[3.174s] INFO:colcon.colcon_core.shell:Creating environment hook '/home/ubuntu/autonomous_ROS/install/mpu6050_imu/share/mpu6050_imu/hook/ament_prefix_path.sh'
[3.177s] INFO:colcon.colcon_core.shell:Skip shell extension 'powershell' for command environment: Not usable outside of PowerShell
[3.178s] DEBUG:colcon.colcon_core.shell:Skip shell extension 'dsv' for command environment
[3.192s] INFO:colcon.colcon_ros.task.ament_cmake.build:Building ROS package in '/home/ubuntu/autonomous_ROS/src/mybot37' with build type 'ament_cmake'
[3.192s] INFO:colcon.colcon_cmake.task.cmake.build:Building CMake package in '/home/ubuntu/autonomous_ROS/src/mybot37'
[3.194s] INFO:colcon.colcon_core.shell:Skip shell extension 'powershell' for command environment: Not usable outside of PowerShell
[3.195s] DEBUG:colcon.colcon_core.shell:Skip shell extension 'dsv' for command environment
[4.430s] INFO:colcon.colcon_core.task.python.build:Building Python package in '/home/ubuntu/autonomous_ROS/src/motor_control'
[4.431s] INFO:colcon.colcon_core.shell:Skip shell extension 'powershell' for command environment: Not usable outside of PowerShell
[4.431s] DEBUG:colcon.colcon_core.shell:Skip shell extension 'dsv' for command environment
[5.650s] INFO:colcon.colcon_core.task.python.build:Building Python package in '/home/ubuntu/autonomous_ROS/src/mpu6050_imu'
[5.652s] INFO:colcon.colcon_core.shell:Skip shell extension 'powershell' for command environment: Not usable outside of PowerShell
[5.652s] DEBUG:colcon.colcon_core.shell:Skip shell extension 'dsv' for command environment
[5.695s] DEBUG:colcon.colcon_core.event_handler.log_command:Invoking command in '/home/ubuntu/autonomous_ROS/build/mybot37': CMAKE_PREFIX_PATH=/opt/ros/humble /usr/bin/cmake --build /home/ubuntu/autonomous_ROS/build/mybot37 -- -j4 -l4
[6.146s] Level 1:colcon.colcon_core.environment:create_environment_scripts_only(mybot37)
[6.147s] DEBUG:colcon.colcon_core.event_handler.log_command:Invoked command in '/home/ubuntu/autonomous_ROS/build/mybot37' returned '2': CMAKE_PREFIX_PATH=/opt/ros/humble /usr/bin/cmake --build /home/ubuntu/autonomous_ROS/build/mybot37 -- -j4 -l4
[6.185s] Level 1:colcon.colcon_core.environment:checking '/home/ubuntu/autonomous_ROS/install/mybot37' for CMake module files
[6.188s] Level 1:colcon.colcon_core.environment:checking '/home/ubuntu/autonomous_ROS/install/mybot37' for CMake config files
[6.191s] Level 1:colcon.colcon_core.shell:create_environment_hook('mybot37', 'cmake_prefix_path')
[6.192s] INFO:colcon.colcon_core.shell:Creating environment hook '/home/ubuntu/autonomous_ROS/install/mybot37/share/mybot37/hook/cmake_prefix_path.ps1'
[6.196s] INFO:colcon.colcon_core.shell:Creating environment descriptor '/home/ubuntu/autonomous_ROS/install/mybot37/share/mybot37/hook/cmake_prefix_path.dsv'
[6.199s] INFO:colcon.colcon_core.shell:Creating environment hook '/home/ubuntu/autonomous_ROS/install/mybot37/share/mybot37/hook/cmake_prefix_path.sh'
[6.204s] Level 1:colcon.colcon_core.environment:checking '/home/ubuntu/autonomous_ROS/install/mybot37/bin'
[6.205s] Level 1:colcon.colcon_core.environment:checking '/home/ubuntu/autonomous_ROS/install/mybot37/lib/pkgconfig/mybot37.pc'
[6.207s] Level 1:colcon.colcon_core.environment:checking '/home/ubuntu/autonomous_ROS/install/mybot37/lib/python3.10/site-packages'
[6.208s] Level 1:colcon.colcon_core.environment:checking '/home/ubuntu/autonomous_ROS/install/mybot37/bin'
[6.210s] INFO:colcon.colcon_core.shell:Creating package script '/home/ubuntu/autonomous_ROS/install/mybot37/share/mybot37/package.ps1'
[6.217s] INFO:colcon.colcon_core.shell:Creating package descriptor '/home/ubuntu/autonomous_ROS/install/mybot37/share/mybot37/package.dsv'
[6.223s] INFO:colcon.colcon_core.shell:Creating package script '/home/ubuntu/autonomous_ROS/install/mybot37/share/mybot37/package.sh'
[6.229s] INFO:colcon.colcon_core.shell:Creating package script '/home/ubuntu/autonomous_ROS/install/mybot37/share/mybot37/package.bash'
[6.236s] INFO:colcon.colcon_core.shell:Creating package script '/home/ubuntu/autonomous_ROS/install/mybot37/share/mybot37/package.zsh'
[6.243s] Level 1:colcon.colcon_core.environment:create_file_with_runtime_dependencies(/home/ubuntu/autonomous_ROS/install/mybot37/share/colcon-core/packages/mybot37)
[8.359s] DEBUG:colcon.colcon_parallel_executor.executor.parallel:closing loop
[8.360s] DEBUG:colcon.colcon_parallel_executor.executor.parallel:loop closed
[8.360s] DEBUG:colcon.colcon_parallel_executor.executor.parallel:run_until_complete finished with '2'
[8.360s] DEBUG:colcon.colcon_core.event_reactor:joining thread
[8.391s] INFO:colcon.colcon_core.plugin_system:Skipping extension 'colcon_notification.desktop_notification.terminal_notifier': Not used on non-Darwin systems
[8.391s] INFO:colcon.colcon_core.plugin_system:Skipping extension 'colcon_notification.desktop_notification.win32': Not used on non-Windows systems
[8.392s] INFO:colcon.colcon_notification.desktop_notification:Sending desktop notification using 'notify2'
[8.421s] DEBUG:colcon.colcon_notification.desktop_notification.notify2:Failed to initialize notify2: org.freedesktop.DBus.Error.ServiceUnknown: The name org.freedesktop.Notifications was not provided by any .service files
[8.421s] DEBUG:colcon.colcon_core.event_reactor:joined thread
[8.423s] INFO:colcon.colcon_core.shell:Creating prefix script '/home/ubuntu/autonomous_ROS/install/local_setup.ps1'
[8.429s] INFO:colcon.colcon_core.shell:Creating prefix util module '/home/ubuntu/autonomous_ROS/install/_local_setup_util_ps1.py'
[8.439s] INFO:colcon.colcon_core.shell:Creating prefix chain script '/home/ubuntu/autonomous_ROS/install/setup.ps1'
[8.445s] INFO:colcon.colcon_core.shell:Creating prefix script '/home/ubuntu/autonomous_ROS/install/local_setup.sh'
[8.452s] INFO:colcon.colcon_core.shell:Creating prefix util module '/home/ubuntu/autonomous_ROS/install/_local_setup_util_sh.py'
[8.456s] INFO:colcon.colcon_core.shell:Creating prefix chain script '/home/ubuntu/autonomous_ROS/install/setup.sh'
[8.462s] INFO:colcon.colcon_core.shell:Creating prefix script '/home/ubuntu/autonomous_ROS/install/local_setup.bash'
[8.466s] INFO:colcon.colcon_core.shell:Creating prefix chain script '/home/ubuntu/autonomous_ROS/install/setup.bash'
[8.471s] INFO:colcon.colcon_core.shell:Creating prefix script '/home/ubuntu/autonomous_ROS/install/local_setup.zsh'
[8.475s] INFO:colcon.colcon_core.shell:Creating prefix chain script '/home/ubuntu/autonomous_ROS/install/setup.zsh'
